[2024-07-25 18:20:13] local.ERROR: Connection could not be established with host "mailpit:1025": stream_socket_client(): php_network_getaddresses: getaddrinfo for mailpit failed: No such host is known.  {"exception":"[object] (Symfony\\Component\\Mailer\\Exception\\TransportException(code: 0): Connection could not be established with host \"mailpit:1025\": stream_socket_client(): php_network_getaddresses: getaddrinfo for mailpit failed: No such host is known.  at C:\\Users\\LENOVO\\Documents\\Super Bootcamp Laravel Vue\\BE_Laravel\\review-film\\vendor\\symfony\\mailer\\Transport\\Smtp\\Stream\\SocketStream.php:154)
[stacktrace]
#0 [internal function]: Symfony\\Component\\Mailer\\Transport\\Smtp\\Stream\\SocketStream->Symfony\\Component\\Mailer\\Transport\\Smtp\\Stream\\{closure}(2, 'stream_socket_c...', 'C:\\\\Users\\\\LENOVO...', 157)
#1 C:\\Users\\LENOVO\\Documents\\Super Bootcamp Laravel Vue\\BE_Laravel\\review-film\\vendor\\symfony\\mailer\\Transport\\Smtp\\Stream\\SocketStream.php(157): stream_socket_client('mailpit:1025', 0, '', 60.0, 4, Resource id #842)
#2 C:\\Users\\LENOVO\\Documents\\Super Bootcamp Laravel Vue\\BE_Laravel\\review-film\\vendor\\symfony\\mailer\\Transport\\Smtp\\SmtpTransport.php(275): Symfony\\Component\\Mailer\\Transport\\Smtp\\Stream\\SocketStream->initialize()
#3 C:\\Users\\LENOVO\\Documents\\Super Bootcamp Laravel Vue\\BE_Laravel\\review-film\\vendor\\symfony\\mailer\\Transport\\Smtp\\SmtpTransport.php(209): Symfony\\Component\\Mailer\\Transport\\Smtp\\SmtpTransport->start()
#4 C:\\Users\\LENOVO\\Documents\\Super Bootcamp Laravel Vue\\BE_Laravel\\review-film\\vendor\\symfony\\mailer\\Transport\\AbstractTransport.php(69): Symfony\\Component\\Mailer\\Transport\\Smtp\\SmtpTransport->doSend(Object(Symfony\\Component\\Mailer\\SentMessage))
#5 C:\\Users\\LENOVO\\Documents\\Super Bootcamp Laravel Vue\\BE_Laravel\\review-film\\vendor\\symfony\\mailer\\Transport\\Smtp\\SmtpTransport.php(137): Symfony\\Component\\Mailer\\Transport\\AbstractTransport->send(Object(Symfony\\Component\\Mime\\Email), Object(Symfony\\Component\\Mailer\\DelayedEnvelope))
#6 C:\\Users\\LENOVO\\Documents\\Super Bootcamp Laravel Vue\\BE_Laravel\\review-film\\vendor\\laravel\\framework\\src\\Illuminate\\Mail\\Mailer.php(573): Symfony\\Component\\Mailer\\Transport\\Smtp\\SmtpTransport->send(Object(Symfony\\Component\\Mime\\Email), Object(Symfony\\Component\\Mailer\\DelayedEnvelope))
#7 C:\\Users\\LENOVO\\Documents\\Super Bootcamp Laravel Vue\\BE_Laravel\\review-film\\vendor\\laravel\\framework\\src\\Illuminate\\Mail\\Mailer.php(335): Illuminate\\Mail\\Mailer->sendSymfonyMessage(Object(Symfony\\Component\\Mime\\Email))
#8 C:\\Users\\LENOVO\\Documents\\Super Bootcamp Laravel Vue\\BE_Laravel\\review-film\\vendor\\laravel\\framework\\src\\Illuminate\\Mail\\Mailable.php(205): Illuminate\\Mail\\Mailer->send('mail.registerma...', Array, Object(Closure))
#9 C:\\Users\\LENOVO\\Documents\\Super Bootcamp Laravel Vue\\BE_Laravel\\review-film\\vendor\\laravel\\framework\\src\\Illuminate\\Support\\Traits\\Localizable.php(19): Illuminate\\Mail\\Mailable->Illuminate\\Mail\\{closure}()
#10 C:\\Users\\LENOVO\\Documents\\Super Bootcamp Laravel Vue\\BE_Laravel\\review-film\\vendor\\laravel\\framework\\src\\Illuminate\\Mail\\Mailable.php(198): Illuminate\\Mail\\Mailable->withLocale(NULL, Object(Closure))
#11 C:\\Users\\LENOVO\\Documents\\Super Bootcamp Laravel Vue\\BE_Laravel\\review-film\\vendor\\laravel\\framework\\src\\Illuminate\\Mail\\SendQueuedMailable.php(83): Illuminate\\Mail\\Mailable->send(Object(Illuminate\\Mail\\MailManager))
#12 C:\\Users\\LENOVO\\Documents\\Super Bootcamp Laravel Vue\\BE_Laravel\\review-film\\vendor\\laravel\\framework\\src\\Illuminate\\Container\\BoundMethod.php(36): Illuminate\\Mail\\SendQueuedMailable->handle(Object(Illuminate\\Mail\\MailManager))
#13 C:\\Users\\LENOVO\\Documents\\Super Bootcamp Laravel Vue\\BE_Laravel\\review-film\\vendor\\laravel\\framework\\src\\Illuminate\\Container\\Util.php(41): Illuminate\\Container\\BoundMethod::Illuminate\\Container\\{closure}()
#14 C:\\Users\\LENOVO\\Documents\\Super Bootcamp Laravel Vue\\BE_Laravel\\review-film\\vendor\\laravel\\framework\\src\\Illuminate\\Container\\BoundMethod.php(93): Illuminate\\Container\\Util::unwrapIfClosure(Object(Closure))
#15 C:\\Users\\LENOVO\\Documents\\Super Bootcamp Laravel Vue\\BE_Laravel\\review-film\\vendor\\laravel\\framework\\src\\Illuminate\\Container\\BoundMethod.php(35): Illuminate\\Container\\BoundMethod::callBoundMethod(Object(Illuminate\\Foundation\\Application), Array, Object(Closure))
#16 C:\\Users\\LENOVO\\Documents\\Super Bootcamp Laravel Vue\\BE_Laravel\\review-film\\vendor\\laravel\\framework\\src\\Illuminate\\Container\\Container.php(662): Illuminate\\Container\\BoundMethod::call(Object(Illuminate\\Foundation\\Application), Array, Array, NULL)
#17 C:\\Users\\LENOVO\\Documents\\Super Bootcamp Laravel Vue\\BE_Laravel\\review-film\\vendor\\laravel\\framework\\src\\Illuminate\\Bus\\Dispatcher.php(128): Illuminate\\Container\\Container->call(Array)
#18 C:\\Users\\LENOVO\\Documents\\Super Bootcamp Laravel Vue\\BE_Laravel\\review-film\\vendor\\laravel\\framework\\src\\Illuminate\\Pipeline\\Pipeline.php(144): Illuminate\\Bus\\Dispatcher->Illuminate\\Bus\\{closure}(Object(Illuminate\\Mail\\SendQueuedMailable))
#19 C:\\Users\\LENOVO\\Documents\\Super Bootcamp Laravel Vue\\BE_Laravel\\review-film\\vendor\\laravel\\framework\\src\\Illuminate\\Pipeline\\Pipeline.php(119): Illuminate\\Pipeline\\Pipeline->Illuminate\\Pipeline\\{closure}(Object(Illuminate\\Mail\\SendQueuedMailable))
#20 C:\\Users\\LENOVO\\Documents\\Super Bootcamp Laravel Vue\\BE_Laravel\\review-film\\vendor\\laravel\\framework\\src\\Illuminate\\Bus\\Dispatcher.php(132): Illuminate\\Pipeline\\Pipeline->then(Object(Closure))
#21 C:\\Users\\LENOVO\\Documents\\Super Bootcamp Laravel Vue\\BE_Laravel\\review-film\\vendor\\laravel\\framework\\src\\Illuminate\\Queue\\CallQueuedHandler.php(123): Illuminate\\Bus\\Dispatcher->dispatchNow(Object(Illuminate\\Mail\\SendQueuedMailable), false)
#22 C:\\Users\\LENOVO\\Documents\\Super Bootcamp Laravel Vue\\BE_Laravel\\review-film\\vendor\\laravel\\framework\\src\\Illuminate\\Pipeline\\Pipeline.php(144): Illuminate\\Queue\\CallQueuedHandler->Illuminate\\Queue\\{closure}(Object(Illuminate\\Mail\\SendQueuedMailable))
#23 C:\\Users\\LENOVO\\Documents\\Super Bootcamp Laravel Vue\\BE_Laravel\\review-film\\vendor\\laravel\\framework\\src\\Illuminate\\Pipeline\\Pipeline.php(119): Illuminate\\Pipeline\\Pipeline->Illuminate\\Pipeline\\{closure}(Object(Illuminate\\Mail\\SendQueuedMailable))
#24 C:\\Users\\LENOVO\\Documents\\Super Bootcamp Laravel Vue\\BE_Laravel\\review-film\\vendor\\laravel\\framework\\src\\Illuminate\\Queue\\CallQueuedHandler.php(122): Illuminate\\Pipeline\\Pipeline->then(Object(Closure))
#25 C:\\Users\\LENOVO\\Documents\\Super Bootcamp Laravel Vue\\BE_Laravel\\review-film\\vendor\\laravel\\framework\\src\\Illuminate\\Queue\\CallQueuedHandler.php(70): Illuminate\\Queue\\CallQueuedHandler->dispatchThroughMiddleware(Object(Illuminate\\Queue\\Jobs\\SyncJob), Object(Illuminate\\Mail\\SendQueuedMailable))
#26 C:\\Users\\LENOVO\\Documents\\Super Bootcamp Laravel Vue\\BE_Laravel\\review-film\\vendor\\laravel\\framework\\src\\Illuminate\\Queue\\Jobs\\Job.php(102): Illuminate\\Queue\\CallQueuedHandler->call(Object(Illuminate\\Queue\\Jobs\\SyncJob), Array)
#27 C:\\Users\\LENOVO\\Documents\\Super Bootcamp Laravel Vue\\BE_Laravel\\review-film\\vendor\\laravel\\framework\\src\\Illuminate\\Queue\\SyncQueue.php(43): Illuminate\\Queue\\Jobs\\Job->fire()
#28 C:\\Users\\LENOVO\\Documents\\Super Bootcamp Laravel Vue\\BE_Laravel\\review-film\\vendor\\laravel\\framework\\src\\Illuminate\\Queue\\Queue.php(59): Illuminate\\Queue\\SyncQueue->push(Object(Illuminate\\Mail\\SendQueuedMailable), '', NULL)
#29 C:\\Users\\LENOVO\\Documents\\Super Bootcamp Laravel Vue\\BE_Laravel\\review-film\\vendor\\laravel\\framework\\src\\Illuminate\\Mail\\Mailable.php(233): Illuminate\\Queue\\Queue->pushOn(NULL, Object(Illuminate\\Mail\\SendQueuedMailable))
#30 C:\\Users\\LENOVO\\Documents\\Super Bootcamp Laravel Vue\\BE_Laravel\\review-film\\vendor\\laravel\\framework\\src\\Illuminate\\Mail\\Mailer.php(471): Illuminate\\Mail\\Mailable->queue(Object(Illuminate\\Queue\\QueueManager))
#31 C:\\Users\\LENOVO\\Documents\\Super Bootcamp Laravel Vue\\BE_Laravel\\review-film\\vendor\\laravel\\framework\\src\\Illuminate\\Mail\\PendingMail.php(135): Illuminate\\Mail\\Mailer->queue(Object(App\\Mail\\RegisterMail))
#32 C:\\Users\\LENOVO\\Documents\\Super Bootcamp Laravel Vue\\BE_Laravel\\review-film\\app\\Http\\Controllers\\API\\AuthController.php(53): Illuminate\\Mail\\PendingMail->queue(Object(App\\Mail\\RegisterMail))
#33 C:\\Users\\LENOVO\\Documents\\Super Bootcamp Laravel Vue\\BE_Laravel\\review-film\\vendor\\laravel\\framework\\src\\Illuminate\\Routing\\Controller.php(54): App\\Http\\Controllers\\API\\AuthController->register(Object(Illuminate\\Http\\Request))
#34 C:\\Users\\LENOVO\\Documents\\Super Bootcamp Laravel Vue\\BE_Laravel\\review-film\\vendor\\laravel\\framework\\src\\Illuminate\\Routing\\ControllerDispatcher.php(43): Illuminate\\Routing\\Controller->callAction('register', Array)
#35 C:\\Users\\LENOVO\\Documents\\Super Bootcamp Laravel Vue\\BE_Laravel\\review-film\\vendor\\laravel\\framework\\src\\Illuminate\\Routing\\Route.php(259): Illuminate\\Routing\\ControllerDispatcher->dispatch(Object(Illuminate\\Routing\\Route), Object(App\\Http\\Controllers\\API\\AuthController), 'register')
#36 C:\\Users\\LENOVO\\Documents\\Super Bootcamp Laravel Vue\\BE_Laravel\\review-film\\vendor\\laravel\\framework\\src\\Illuminate\\Routing\\Route.php(205): Illuminate\\Routing\\Route->runController()
#37 C:\\Users\\LENOVO\\Documents\\Super Bootcamp Laravel Vue\\BE_Laravel\\review-film\\vendor\\laravel\\framework\\src\\Illuminate\\Routing\\Router.php(806): Illuminate\\Routing\\Route->run()
#38 C:\\Users\\LENOVO\\Documents\\Super Bootcamp Laravel Vue\\BE_Laravel\\review-film\\vendor\\laravel\\framework\\src\\Illuminate\\Pipeline\\Pipeline.php(144): Illuminate\\Routing\\Router->Illuminate\\Routing\\{closure}(Object(Illuminate\\Http\\Request))
#39 C:\\Users\\LENOVO\\Documents\\Super Bootcamp Laravel Vue\\BE_Laravel\\review-film\\vendor\\laravel\\framework\\src\\Illuminate\\Routing\\Middleware\\SubstituteBindings.php(50): Illuminate\\Pipeline\\Pipeline->Illuminate\\Pipeline\\{closure}(Object(Illuminate\\Http\\Request))
#40 C:\\Users\\LENOVO\\Documents\\Super Bootcamp Laravel Vue\\BE_Laravel\\review-film\\vendor\\laravel\\framework\\src\\Illuminate\\Pipeline\\Pipeline.php(183): Illuminate\\Routing\\Middleware\\SubstituteBindings->handle(Object(Illuminate\\Http\\Request), Object(Closure))
#41 C:\\Users\\LENOVO\\Documents\\Super Bootcamp Laravel Vue\\BE_Laravel\\review-film\\vendor\\laravel\\framework\\src\\Illuminate\\Routing\\Middleware\\ThrottleRequests.php(159): Illuminate\\Pipeline\\Pipeline->Illuminate\\Pipeline\\{closure}(Object(Illuminate\\Http\\Request))
#42 C:\\Users\\LENOVO\\Documents\\Super Bootcamp Laravel Vue\\BE_Laravel\\review-film\\vendor\\laravel\\framework\\src\\Illuminate\\Routing\\Middleware\\ThrottleRequests.php(125): Illuminate\\Routing\\Middleware\\ThrottleRequests->handleRequest(Object(Illuminate\\Http\\Request), Object(Closure), Array)
#43 C:\\Users\\LENOVO\\Documents\\Super Bootcamp Laravel Vue\\BE_Laravel\\review-film\\vendor\\laravel\\framework\\src\\Illuminate\\Routing\\Middleware\\ThrottleRequests.php(87): Illuminate\\Routing\\Middleware\\ThrottleRequests->handleRequestUsingNamedLimiter(Object(Illuminate\\Http\\Request), Object(Closure), 'api', Object(Closure))
#44 C:\\Users\\LENOVO\\Documents\\Super Bootcamp Laravel Vue\\BE_Laravel\\review-film\\vendor\\laravel\\framework\\src\\Illuminate\\Pipeline\\Pipeline.php(183): Illuminate\\Routing\\Middleware\\ThrottleRequests->handle(Object(Illuminate\\Http\\Request), Object(Closure), 'api')
#45 C:\\Users\\LENOVO\\Documents\\Super Bootcamp Laravel Vue\\BE_Laravel\\review-film\\vendor\\laravel\\framework\\src\\Illuminate\\Pipeline\\Pipeline.php(119): Illuminate\\Pipeline\\Pipeline->Illuminate\\Pipeline\\{closure}(Object(Illuminate\\Http\\Request))
#46 C:\\Users\\LENOVO\\Documents\\Super Bootcamp Laravel Vue\\BE_Laravel\\review-film\\vendor\\laravel\\framework\\src\\Illuminate\\Routing\\Router.php(805): Illuminate\\Pipeline\\Pipeline->then(Object(Closure))
#47 C:\\Users\\LENOVO\\Documents\\Super Bootcamp Laravel Vue\\BE_Laravel\\review-film\\vendor\\laravel\\framework\\src\\Illuminate\\Routing\\Router.php(784): Illuminate\\Routing\\Router->runRouteWithinStack(Object(Illuminate\\Routing\\Route), Object(Illuminate\\Http\\Request))
#48 C:\\Users\\LENOVO\\Documents\\Super Bootcamp Laravel Vue\\BE_Laravel\\review-film\\vendor\\laravel\\framework\\src\\Illuminate\\Routing\\Router.php(748): Illuminate\\Routing\\Router->runRoute(Object(Illuminate\\Http\\Request), Object(Illuminate\\Routing\\Route))
#49 C:\\Users\\LENOVO\\Documents\\Super Bootcamp Laravel Vue\\BE_Laravel\\review-film\\vendor\\laravel\\framework\\src\\Illuminate\\Routing\\Router.php(737): Illuminate\\Routing\\Router->dispatchToRoute(Object(Illuminate\\Http\\Request))
#50 C:\\Users\\LENOVO\\Documents\\Super Bootcamp Laravel Vue\\BE_Laravel\\review-film\\vendor\\laravel\\framework\\src\\Illuminate\\Foundation\\Http\\Kernel.php(200): Illuminate\\Routing\\Router->dispatch(Object(Illuminate\\Http\\Request))
#51 C:\\Users\\LENOVO\\Documents\\Super Bootcamp Laravel Vue\\BE_Laravel\\review-film\\vendor\\laravel\\framework\\src\\Illuminate\\Pipeline\\Pipeline.php(144): Illuminate\\Foundation\\Http\\Kernel->Illuminate\\Foundation\\Http\\{closure}(Object(Illuminate\\Http\\Request))
#52 C:\\Users\\LENOVO\\Documents\\Super Bootcamp Laravel Vue\\BE_Laravel\\review-film\\vendor\\laravel\\framework\\src\\Illuminate\\Foundation\\Http\\Middleware\\TransformsRequest.php(21): Illuminate\\Pipeline\\Pipeline->Illuminate\\Pipeline\\{closure}(Object(Illuminate\\Http\\Request))
#53 C:\\Users\\LENOVO\\Documents\\Super Bootcamp Laravel Vue\\BE_Laravel\\review-film\\vendor\\laravel\\framework\\src\\Illuminate\\Foundation\\Http\\Middleware\\ConvertEmptyStringsToNull.php(31): Illuminate\\Foundation\\Http\\Middleware\\TransformsRequest->handle(Object(Illuminate\\Http\\Request), Object(Closure))
#54 C:\\Users\\LENOVO\\Documents\\Super Bootcamp Laravel Vue\\BE_Laravel\\review-film\\vendor\\laravel\\framework\\src\\Illuminate\\Pipeline\\Pipeline.php(183): Illuminate\\Foundation\\Http\\Middleware\\ConvertEmptyStringsToNull->handle(Object(Illuminate\\Http\\Request), Object(Closure))
#55 C:\\Users\\LENOVO\\Documents\\Super Bootcamp Laravel Vue\\BE_Laravel\\review-film\\vendor\\laravel\\framework\\src\\Illuminate\\Foundation\\Http\\Middleware\\TransformsRequest.php(21): Illuminate\\Pipeline\\Pipeline->Illuminate\\Pipeline\\{closure}(Object(Illuminate\\Http\\Request))
#56 C:\\Users\\LENOVO\\Documents\\Super Bootcamp Laravel Vue\\BE_Laravel\\review-film\\vendor\\laravel\\framework\\src\\Illuminate\\Foundation\\Http\\Middleware\\TrimStrings.php(40): Illuminate\\Foundation\\Http\\Middleware\\TransformsRequest->handle(Object(Illuminate\\Http\\Request), Object(Closure))
#57 C:\\Users\\LENOVO\\Documents\\Super Bootcamp Laravel Vue\\BE_Laravel\\review-film\\vendor\\laravel\\framework\\src\\Illuminate\\Pipeline\\Pipeline.php(183): Illuminate\\Foundation\\Http\\Middleware\\TrimStrings->handle(Object(Illuminate\\Http\\Request), Object(Closure))
#58 C:\\Users\\LENOVO\\Documents\\Super Bootcamp Laravel Vue\\BE_Laravel\\review-film\\vendor\\laravel\\framework\\src\\Illuminate\\Foundation\\Http\\Middleware\\ValidatePostSize.php(27): Illuminate\\Pipeline\\Pipeline->Illuminate\\Pipeline\\{closure}(Object(Illuminate\\Http\\Request))
#59 C:\\Users\\LENOVO\\Documents\\Super Bootcamp Laravel Vue\\BE_Laravel\\review-film\\vendor\\laravel\\framework\\src\\Illuminate\\Pipeline\\Pipeline.php(183): Illuminate\\Foundation\\Http\\Middleware\\ValidatePostSize->handle(Object(Illuminate\\Http\\Request), Object(Closure))
#60 C:\\Users\\LENOVO\\Documents\\Super Bootcamp Laravel Vue\\BE_Laravel\\review-film\\vendor\\laravel\\framework\\src\\Illuminate\\Foundation\\Http\\Middleware\\PreventRequestsDuringMaintenance.php(99): Illuminate\\Pipeline\\Pipeline->Illuminate\\Pipeline\\{closure}(Object(Illuminate\\Http\\Request))
#61 C:\\Users\\LENOVO\\Documents\\Super Bootcamp Laravel Vue\\BE_Laravel\\review-film\\vendor\\laravel\\framework\\src\\Illuminate\\Pipeline\\Pipeline.php(183): Illuminate\\Foundation\\Http\\Middleware\\PreventRequestsDuringMaintenance->handle(Object(Illuminate\\Http\\Request), Object(Closure))
#62 C:\\Users\\LENOVO\\Documents\\Super Bootcamp Laravel Vue\\BE_Laravel\\review-film\\vendor\\laravel\\framework\\src\\Illuminate\\Http\\Middleware\\HandleCors.php(62): Illuminate\\Pipeline\\Pipeline->Illuminate\\Pipeline\\{closure}(Object(Illuminate\\Http\\Request))
#63 C:\\Users\\LENOVO\\Documents\\Super Bootcamp Laravel Vue\\BE_Laravel\\review-film\\vendor\\laravel\\framework\\src\\Illuminate\\Pipeline\\Pipeline.php(183): Illuminate\\Http\\Middleware\\HandleCors->handle(Object(Illuminate\\Http\\Request), Object(Closure))
#64 C:\\Users\\LENOVO\\Documents\\Super Bootcamp Laravel Vue\\BE_Laravel\\review-film\\vendor\\laravel\\framework\\src\\Illuminate\\Http\\Middleware\\TrustProxies.php(39): Illuminate\\Pipeline\\Pipeline->Illuminate\\Pipeline\\{closure}(Object(Illuminate\\Http\\Request))
#65 C:\\Users\\LENOVO\\Documents\\Super Bootcamp Laravel Vue\\BE_Laravel\\review-film\\vendor\\laravel\\framework\\src\\Illuminate\\Pipeline\\Pipeline.php(183): Illuminate\\Http\\Middleware\\TrustProxies->handle(Object(Illuminate\\Http\\Request), Object(Closure))
#66 C:\\Users\\LENOVO\\Documents\\Super Bootcamp Laravel Vue\\BE_Laravel\\review-film\\vendor\\laravel\\framework\\src\\Illuminate\\Http\\Middleware\\TrustHosts.php(48): Illuminate\\Pipeline\\Pipeline->Illuminate\\Pipeline\\{closure}(Object(Illuminate\\Http\\Request))
#67 C:\\Users\\LENOVO\\Documents\\Super Bootcamp Laravel Vue\\BE_Laravel\\review-film\\vendor\\laravel\\framework\\src\\Illuminate\\Pipeline\\Pipeline.php(183): Illuminate\\Http\\Middleware\\TrustHosts->handle(Object(Illuminate\\Http\\Request), Object(Closure))
#68 C:\\Users\\LENOVO\\Documents\\Super Bootcamp Laravel Vue\\BE_Laravel\\review-film\\vendor\\laravel\\framework\\src\\Illuminate\\Pipeline\\Pipeline.php(119): Illuminate\\Pipeline\\Pipeline->Illuminate\\Pipeline\\{closure}(Object(Illuminate\\Http\\Request))
#69 C:\\Users\\LENOVO\\Documents\\Super Bootcamp Laravel Vue\\BE_Laravel\\review-film\\vendor\\laravel\\framework\\src\\Illuminate\\Foundation\\Http\\Kernel.php(175): Illuminate\\Pipeline\\Pipeline->then(Object(Closure))
#70 C:\\Users\\LENOVO\\Documents\\Super Bootcamp Laravel Vue\\BE_Laravel\\review-film\\vendor\\laravel\\framework\\src\\Illuminate\\Foundation\\Http\\Kernel.php(144): Illuminate\\Foundation\\Http\\Kernel->sendRequestThroughRouter(Object(Illuminate\\Http\\Request))
#71 C:\\Users\\LENOVO\\Documents\\Super Bootcamp Laravel Vue\\BE_Laravel\\review-film\\public\\index.php(51): Illuminate\\Foundation\\Http\\Kernel->handle(Object(Illuminate\\Http\\Request))
#72 C:\\Users\\LENOVO\\Documents\\Super Bootcamp Laravel Vue\\BE_Laravel\\review-film\\vendor\\laravel\\framework\\src\\Illuminate\\Foundation\\resources\\server.php(16): require_once('C:\\\\Users\\\\LENOVO...')
#73 {main}
"} 
[2024-07-25 18:36:27] local.ERROR: Connection could not be established with host "mailpit:1025": stream_socket_client(): php_network_getaddresses: getaddrinfo for mailpit failed: No such host is known.  {"exception":"[object] (Symfony\\Component\\Mailer\\Exception\\TransportException(code: 0): Connection could not be established with host \"mailpit:1025\": stream_socket_client(): php_network_getaddresses: getaddrinfo for mailpit failed: No such host is known.  at C:\\Users\\LENOVO\\Documents\\Super Bootcamp Laravel Vue\\BE_Laravel\\review-film\\vendor\\symfony\\mailer\\Transport\\Smtp\\Stream\\SocketStream.php:154)
[stacktrace]
#0 [internal function]: Symfony\\Component\\Mailer\\Transport\\Smtp\\Stream\\SocketStream->Symfony\\Component\\Mailer\\Transport\\Smtp\\Stream\\{closure}(2, 'stream_socket_c...', 'C:\\\\Users\\\\LENOVO...', 157)
#1 C:\\Users\\LENOVO\\Documents\\Super Bootcamp Laravel Vue\\BE_Laravel\\review-film\\vendor\\symfony\\mailer\\Transport\\Smtp\\Stream\\SocketStream.php(157): stream_socket_client('mailpit:1025', 0, '', 60.0, 4, Resource id #845)
#2 C:\\Users\\LENOVO\\Documents\\Super Bootcamp Laravel Vue\\BE_Laravel\\review-film\\vendor\\symfony\\mailer\\Transport\\Smtp\\SmtpTransport.php(275): Symfony\\Component\\Mailer\\Transport\\Smtp\\Stream\\SocketStream->initialize()
#3 C:\\Users\\LENOVO\\Documents\\Super Bootcamp Laravel Vue\\BE_Laravel\\review-film\\vendor\\symfony\\mailer\\Transport\\Smtp\\SmtpTransport.php(209): Symfony\\Component\\Mailer\\Transport\\Smtp\\SmtpTransport->start()
#4 C:\\Users\\LENOVO\\Documents\\Super Bootcamp Laravel Vue\\BE_Laravel\\review-film\\vendor\\symfony\\mailer\\Transport\\AbstractTransport.php(69): Symfony\\Component\\Mailer\\Transport\\Smtp\\SmtpTransport->doSend(Object(Symfony\\Component\\Mailer\\SentMessage))
#5 C:\\Users\\LENOVO\\Documents\\Super Bootcamp Laravel Vue\\BE_Laravel\\review-film\\vendor\\symfony\\mailer\\Transport\\Smtp\\SmtpTransport.php(137): Symfony\\Component\\Mailer\\Transport\\AbstractTransport->send(Object(Symfony\\Component\\Mime\\Email), Object(Symfony\\Component\\Mailer\\DelayedEnvelope))
#6 C:\\Users\\LENOVO\\Documents\\Super Bootcamp Laravel Vue\\BE_Laravel\\review-film\\vendor\\laravel\\framework\\src\\Illuminate\\Mail\\Mailer.php(573): Symfony\\Component\\Mailer\\Transport\\Smtp\\SmtpTransport->send(Object(Symfony\\Component\\Mime\\Email), Object(Symfony\\Component\\Mailer\\DelayedEnvelope))
#7 C:\\Users\\LENOVO\\Documents\\Super Bootcamp Laravel Vue\\BE_Laravel\\review-film\\vendor\\laravel\\framework\\src\\Illuminate\\Mail\\Mailer.php(335): Illuminate\\Mail\\Mailer->sendSymfonyMessage(Object(Symfony\\Component\\Mime\\Email))
#8 C:\\Users\\LENOVO\\Documents\\Super Bootcamp Laravel Vue\\BE_Laravel\\review-film\\vendor\\laravel\\framework\\src\\Illuminate\\Mail\\Mailable.php(205): Illuminate\\Mail\\Mailer->send('mail.registerma...', Array, Object(Closure))
#9 C:\\Users\\LENOVO\\Documents\\Super Bootcamp Laravel Vue\\BE_Laravel\\review-film\\vendor\\laravel\\framework\\src\\Illuminate\\Support\\Traits\\Localizable.php(19): Illuminate\\Mail\\Mailable->Illuminate\\Mail\\{closure}()
#10 C:\\Users\\LENOVO\\Documents\\Super Bootcamp Laravel Vue\\BE_Laravel\\review-film\\vendor\\laravel\\framework\\src\\Illuminate\\Mail\\Mailable.php(198): Illuminate\\Mail\\Mailable->withLocale(NULL, Object(Closure))
#11 C:\\Users\\LENOVO\\Documents\\Super Bootcamp Laravel Vue\\BE_Laravel\\review-film\\vendor\\laravel\\framework\\src\\Illuminate\\Mail\\SendQueuedMailable.php(83): Illuminate\\Mail\\Mailable->send(Object(Illuminate\\Mail\\MailManager))
#12 C:\\Users\\LENOVO\\Documents\\Super Bootcamp Laravel Vue\\BE_Laravel\\review-film\\vendor\\laravel\\framework\\src\\Illuminate\\Container\\BoundMethod.php(36): Illuminate\\Mail\\SendQueuedMailable->handle(Object(Illuminate\\Mail\\MailManager))
#13 C:\\Users\\LENOVO\\Documents\\Super Bootcamp Laravel Vue\\BE_Laravel\\review-film\\vendor\\laravel\\framework\\src\\Illuminate\\Container\\Util.php(41): Illuminate\\Container\\BoundMethod::Illuminate\\Container\\{closure}()
#14 C:\\Users\\LENOVO\\Documents\\Super Bootcamp Laravel Vue\\BE_Laravel\\review-film\\vendor\\laravel\\framework\\src\\Illuminate\\Container\\BoundMethod.php(93): Illuminate\\Container\\Util::unwrapIfClosure(Object(Closure))
#15 C:\\Users\\LENOVO\\Documents\\Super Bootcamp Laravel Vue\\BE_Laravel\\review-film\\vendor\\laravel\\framework\\src\\Illuminate\\Container\\BoundMethod.php(35): Illuminate\\Container\\BoundMethod::callBoundMethod(Object(Illuminate\\Foundation\\Application), Array, Object(Closure))
#16 C:\\Users\\LENOVO\\Documents\\Super Bootcamp Laravel Vue\\BE_Laravel\\review-film\\vendor\\laravel\\framework\\src\\Illuminate\\Container\\Container.php(662): Illuminate\\Container\\BoundMethod::call(Object(Illuminate\\Foundation\\Application), Array, Array, NULL)
#17 C:\\Users\\LENOVO\\Documents\\Super Bootcamp Laravel Vue\\BE_Laravel\\review-film\\vendor\\laravel\\framework\\src\\Illuminate\\Bus\\Dispatcher.php(128): Illuminate\\Container\\Container->call(Array)
#18 C:\\Users\\LENOVO\\Documents\\Super Bootcamp Laravel Vue\\BE_Laravel\\review-film\\vendor\\laravel\\framework\\src\\Illuminate\\Pipeline\\Pipeline.php(144): Illuminate\\Bus\\Dispatcher->Illuminate\\Bus\\{closure}(Object(Illuminate\\Mail\\SendQueuedMailable))
#19 C:\\Users\\LENOVO\\Documents\\Super Bootcamp Laravel Vue\\BE_Laravel\\review-film\\vendor\\laravel\\framework\\src\\Illuminate\\Pipeline\\Pipeline.php(119): Illuminate\\Pipeline\\Pipeline->Illuminate\\Pipeline\\{closure}(Object(Illuminate\\Mail\\SendQueuedMailable))
#20 C:\\Users\\LENOVO\\Documents\\Super Bootcamp Laravel Vue\\BE_Laravel\\review-film\\vendor\\laravel\\framework\\src\\Illuminate\\Bus\\Dispatcher.php(132): Illuminate\\Pipeline\\Pipeline->then(Object(Closure))
#21 C:\\Users\\LENOVO\\Documents\\Super Bootcamp Laravel Vue\\BE_Laravel\\review-film\\vendor\\laravel\\framework\\src\\Illuminate\\Queue\\CallQueuedHandler.php(123): Illuminate\\Bus\\Dispatcher->dispatchNow(Object(Illuminate\\Mail\\SendQueuedMailable), false)
#22 C:\\Users\\LENOVO\\Documents\\Super Bootcamp Laravel Vue\\BE_Laravel\\review-film\\vendor\\laravel\\framework\\src\\Illuminate\\Pipeline\\Pipeline.php(144): Illuminate\\Queue\\CallQueuedHandler->Illuminate\\Queue\\{closure}(Object(Illuminate\\Mail\\SendQueuedMailable))
#23 C:\\Users\\LENOVO\\Documents\\Super Bootcamp Laravel Vue\\BE_Laravel\\review-film\\vendor\\laravel\\framework\\src\\Illuminate\\Pipeline\\Pipeline.php(119): Illuminate\\Pipeline\\Pipeline->Illuminate\\Pipeline\\{closure}(Object(Illuminate\\Mail\\SendQueuedMailable))
#24 C:\\Users\\LENOVO\\Documents\\Super Bootcamp Laravel Vue\\BE_Laravel\\review-film\\vendor\\laravel\\framework\\src\\Illuminate\\Queue\\CallQueuedHandler.php(122): Illuminate\\Pipeline\\Pipeline->then(Object(Closure))
#25 C:\\Users\\LENOVO\\Documents\\Super Bootcamp Laravel Vue\\BE_Laravel\\review-film\\vendor\\laravel\\framework\\src\\Illuminate\\Queue\\CallQueuedHandler.php(70): Illuminate\\Queue\\CallQueuedHandler->dispatchThroughMiddleware(Object(Illuminate\\Queue\\Jobs\\SyncJob), Object(Illuminate\\Mail\\SendQueuedMailable))
#26 C:\\Users\\LENOVO\\Documents\\Super Bootcamp Laravel Vue\\BE_Laravel\\review-film\\vendor\\laravel\\framework\\src\\Illuminate\\Queue\\Jobs\\Job.php(102): Illuminate\\Queue\\CallQueuedHandler->call(Object(Illuminate\\Queue\\Jobs\\SyncJob), Array)
#27 C:\\Users\\LENOVO\\Documents\\Super Bootcamp Laravel Vue\\BE_Laravel\\review-film\\vendor\\laravel\\framework\\src\\Illuminate\\Queue\\SyncQueue.php(43): Illuminate\\Queue\\Jobs\\Job->fire()
#28 C:\\Users\\LENOVO\\Documents\\Super Bootcamp Laravel Vue\\BE_Laravel\\review-film\\vendor\\laravel\\framework\\src\\Illuminate\\Queue\\Queue.php(59): Illuminate\\Queue\\SyncQueue->push(Object(Illuminate\\Mail\\SendQueuedMailable), '', NULL)
#29 C:\\Users\\LENOVO\\Documents\\Super Bootcamp Laravel Vue\\BE_Laravel\\review-film\\vendor\\laravel\\framework\\src\\Illuminate\\Mail\\Mailable.php(233): Illuminate\\Queue\\Queue->pushOn(NULL, Object(Illuminate\\Mail\\SendQueuedMailable))
#30 C:\\Users\\LENOVO\\Documents\\Super Bootcamp Laravel Vue\\BE_Laravel\\review-film\\vendor\\laravel\\framework\\src\\Illuminate\\Mail\\Mailer.php(471): Illuminate\\Mail\\Mailable->queue(Object(Illuminate\\Queue\\QueueManager))
#31 C:\\Users\\LENOVO\\Documents\\Super Bootcamp Laravel Vue\\BE_Laravel\\review-film\\vendor\\laravel\\framework\\src\\Illuminate\\Mail\\PendingMail.php(135): Illuminate\\Mail\\Mailer->queue(Object(App\\Mail\\RegisterMail))
#32 C:\\Users\\LENOVO\\Documents\\Super Bootcamp Laravel Vue\\BE_Laravel\\review-film\\app\\Http\\Controllers\\API\\AuthController.php(53): Illuminate\\Mail\\PendingMail->queue(Object(App\\Mail\\RegisterMail))
#33 C:\\Users\\LENOVO\\Documents\\Super Bootcamp Laravel Vue\\BE_Laravel\\review-film\\vendor\\laravel\\framework\\src\\Illuminate\\Routing\\Controller.php(54): App\\Http\\Controllers\\API\\AuthController->register(Object(Illuminate\\Http\\Request))
#34 C:\\Users\\LENOVO\\Documents\\Super Bootcamp Laravel Vue\\BE_Laravel\\review-film\\vendor\\laravel\\framework\\src\\Illuminate\\Routing\\ControllerDispatcher.php(43): Illuminate\\Routing\\Controller->callAction('register', Array)
#35 C:\\Users\\LENOVO\\Documents\\Super Bootcamp Laravel Vue\\BE_Laravel\\review-film\\vendor\\laravel\\framework\\src\\Illuminate\\Routing\\Route.php(259): Illuminate\\Routing\\ControllerDispatcher->dispatch(Object(Illuminate\\Routing\\Route), Object(App\\Http\\Controllers\\API\\AuthController), 'register')
#36 C:\\Users\\LENOVO\\Documents\\Super Bootcamp Laravel Vue\\BE_Laravel\\review-film\\vendor\\laravel\\framework\\src\\Illuminate\\Routing\\Route.php(205): Illuminate\\Routing\\Route->runController()
#37 C:\\Users\\LENOVO\\Documents\\Super Bootcamp Laravel Vue\\BE_Laravel\\review-film\\vendor\\laravel\\framework\\src\\Illuminate\\Routing\\Router.php(806): Illuminate\\Routing\\Route->run()
#38 C:\\Users\\LENOVO\\Documents\\Super Bootcamp Laravel Vue\\BE_Laravel\\review-film\\vendor\\laravel\\framework\\src\\Illuminate\\Pipeline\\Pipeline.php(144): Illuminate\\Routing\\Router->Illuminate\\Routing\\{closure}(Object(Illuminate\\Http\\Request))
#39 C:\\Users\\LENOVO\\Documents\\Super Bootcamp Laravel Vue\\BE_Laravel\\review-film\\vendor\\laravel\\framework\\src\\Illuminate\\Routing\\Middleware\\SubstituteBindings.php(50): Illuminate\\Pipeline\\Pipeline->Illuminate\\Pipeline\\{closure}(Object(Illuminate\\Http\\Request))
#40 C:\\Users\\LENOVO\\Documents\\Super Bootcamp Laravel Vue\\BE_Laravel\\review-film\\vendor\\laravel\\framework\\src\\Illuminate\\Pipeline\\Pipeline.php(183): Illuminate\\Routing\\Middleware\\SubstituteBindings->handle(Object(Illuminate\\Http\\Request), Object(Closure))
#41 C:\\Users\\LENOVO\\Documents\\Super Bootcamp Laravel Vue\\BE_Laravel\\review-film\\vendor\\laravel\\framework\\src\\Illuminate\\Routing\\Middleware\\ThrottleRequests.php(159): Illuminate\\Pipeline\\Pipeline->Illuminate\\Pipeline\\{closure}(Object(Illuminate\\Http\\Request))
#42 C:\\Users\\LENOVO\\Documents\\Super Bootcamp Laravel Vue\\BE_Laravel\\review-film\\vendor\\laravel\\framework\\src\\Illuminate\\Routing\\Middleware\\ThrottleRequests.php(125): Illuminate\\Routing\\Middleware\\ThrottleRequests->handleRequest(Object(Illuminate\\Http\\Request), Object(Closure), Array)
#43 C:\\Users\\LENOVO\\Documents\\Super Bootcamp Laravel Vue\\BE_Laravel\\review-film\\vendor\\laravel\\framework\\src\\Illuminate\\Routing\\Middleware\\ThrottleRequests.php(87): Illuminate\\Routing\\Middleware\\ThrottleRequests->handleRequestUsingNamedLimiter(Object(Illuminate\\Http\\Request), Object(Closure), 'api', Object(Closure))
#44 C:\\Users\\LENOVO\\Documents\\Super Bootcamp Laravel Vue\\BE_Laravel\\review-film\\vendor\\laravel\\framework\\src\\Illuminate\\Pipeline\\Pipeline.php(183): Illuminate\\Routing\\Middleware\\ThrottleRequests->handle(Object(Illuminate\\Http\\Request), Object(Closure), 'api')
#45 C:\\Users\\LENOVO\\Documents\\Super Bootcamp Laravel Vue\\BE_Laravel\\review-film\\vendor\\laravel\\framework\\src\\Illuminate\\Pipeline\\Pipeline.php(119): Illuminate\\Pipeline\\Pipeline->Illuminate\\Pipeline\\{closure}(Object(Illuminate\\Http\\Request))
#46 C:\\Users\\LENOVO\\Documents\\Super Bootcamp Laravel Vue\\BE_Laravel\\review-film\\vendor\\laravel\\framework\\src\\Illuminate\\Routing\\Router.php(805): Illuminate\\Pipeline\\Pipeline->then(Object(Closure))
#47 C:\\Users\\LENOVO\\Documents\\Super Bootcamp Laravel Vue\\BE_Laravel\\review-film\\vendor\\laravel\\framework\\src\\Illuminate\\Routing\\Router.php(784): Illuminate\\Routing\\Router->runRouteWithinStack(Object(Illuminate\\Routing\\Route), Object(Illuminate\\Http\\Request))
#48 C:\\Users\\LENOVO\\Documents\\Super Bootcamp Laravel Vue\\BE_Laravel\\review-film\\vendor\\laravel\\framework\\src\\Illuminate\\Routing\\Router.php(748): Illuminate\\Routing\\Router->runRoute(Object(Illuminate\\Http\\Request), Object(Illuminate\\Routing\\Route))
#49 C:\\Users\\LENOVO\\Documents\\Super Bootcamp Laravel Vue\\BE_Laravel\\review-film\\vendor\\laravel\\framework\\src\\Illuminate\\Routing\\Router.php(737): Illuminate\\Routing\\Router->dispatchToRoute(Object(Illuminate\\Http\\Request))
#50 C:\\Users\\LENOVO\\Documents\\Super Bootcamp Laravel Vue\\BE_Laravel\\review-film\\vendor\\laravel\\framework\\src\\Illuminate\\Foundation\\Http\\Kernel.php(200): Illuminate\\Routing\\Router->dispatch(Object(Illuminate\\Http\\Request))
#51 C:\\Users\\LENOVO\\Documents\\Super Bootcamp Laravel Vue\\BE_Laravel\\review-film\\vendor\\laravel\\framework\\src\\Illuminate\\Pipeline\\Pipeline.php(144): Illuminate\\Foundation\\Http\\Kernel->Illuminate\\Foundation\\Http\\{closure}(Object(Illuminate\\Http\\Request))
#52 C:\\Users\\LENOVO\\Documents\\Super Bootcamp Laravel Vue\\BE_Laravel\\review-film\\vendor\\laravel\\framework\\src\\Illuminate\\Foundation\\Http\\Middleware\\TransformsRequest.php(21): Illuminate\\Pipeline\\Pipeline->Illuminate\\Pipeline\\{closure}(Object(Illuminate\\Http\\Request))
#53 C:\\Users\\LENOVO\\Documents\\Super Bootcamp Laravel Vue\\BE_Laravel\\review-film\\vendor\\laravel\\framework\\src\\Illuminate\\Foundation\\Http\\Middleware\\ConvertEmptyStringsToNull.php(31): Illuminate\\Foundation\\Http\\Middleware\\TransformsRequest->handle(Object(Illuminate\\Http\\Request), Object(Closure))
#54 C:\\Users\\LENOVO\\Documents\\Super Bootcamp Laravel Vue\\BE_Laravel\\review-film\\vendor\\laravel\\framework\\src\\Illuminate\\Pipeline\\Pipeline.php(183): Illuminate\\Foundation\\Http\\Middleware\\ConvertEmptyStringsToNull->handle(Object(Illuminate\\Http\\Request), Object(Closure))
#55 C:\\Users\\LENOVO\\Documents\\Super Bootcamp Laravel Vue\\BE_Laravel\\review-film\\vendor\\laravel\\framework\\src\\Illuminate\\Foundation\\Http\\Middleware\\TransformsRequest.php(21): Illuminate\\Pipeline\\Pipeline->Illuminate\\Pipeline\\{closure}(Object(Illuminate\\Http\\Request))
#56 C:\\Users\\LENOVO\\Documents\\Super Bootcamp Laravel Vue\\BE_Laravel\\review-film\\vendor\\laravel\\framework\\src\\Illuminate\\Foundation\\Http\\Middleware\\TrimStrings.php(40): Illuminate\\Foundation\\Http\\Middleware\\TransformsRequest->handle(Object(Illuminate\\Http\\Request), Object(Closure))
#57 C:\\Users\\LENOVO\\Documents\\Super Bootcamp Laravel Vue\\BE_Laravel\\review-film\\vendor\\laravel\\framework\\src\\Illuminate\\Pipeline\\Pipeline.php(183): Illuminate\\Foundation\\Http\\Middleware\\TrimStrings->handle(Object(Illuminate\\Http\\Request), Object(Closure))
#58 C:\\Users\\LENOVO\\Documents\\Super Bootcamp Laravel Vue\\BE_Laravel\\review-film\\vendor\\laravel\\framework\\src\\Illuminate\\Foundation\\Http\\Middleware\\ValidatePostSize.php(27): Illuminate\\Pipeline\\Pipeline->Illuminate\\Pipeline\\{closure}(Object(Illuminate\\Http\\Request))
#59 C:\\Users\\LENOVO\\Documents\\Super Bootcamp Laravel Vue\\BE_Laravel\\review-film\\vendor\\laravel\\framework\\src\\Illuminate\\Pipeline\\Pipeline.php(183): Illuminate\\Foundation\\Http\\Middleware\\ValidatePostSize->handle(Object(Illuminate\\Http\\Request), Object(Closure))
#60 C:\\Users\\LENOVO\\Documents\\Super Bootcamp Laravel Vue\\BE_Laravel\\review-film\\vendor\\laravel\\framework\\src\\Illuminate\\Foundation\\Http\\Middleware\\PreventRequestsDuringMaintenance.php(99): Illuminate\\Pipeline\\Pipeline->Illuminate\\Pipeline\\{closure}(Object(Illuminate\\Http\\Request))
#61 C:\\Users\\LENOVO\\Documents\\Super Bootcamp Laravel Vue\\BE_Laravel\\review-film\\vendor\\laravel\\framework\\src\\Illuminate\\Pipeline\\Pipeline.php(183): Illuminate\\Foundation\\Http\\Middleware\\PreventRequestsDuringMaintenance->handle(Object(Illuminate\\Http\\Request), Object(Closure))
#62 C:\\Users\\LENOVO\\Documents\\Super Bootcamp Laravel Vue\\BE_Laravel\\review-film\\vendor\\laravel\\framework\\src\\Illuminate\\Http\\Middleware\\HandleCors.php(62): Illuminate\\Pipeline\\Pipeline->Illuminate\\Pipeline\\{closure}(Object(Illuminate\\Http\\Request))
#63 C:\\Users\\LENOVO\\Documents\\Super Bootcamp Laravel Vue\\BE_Laravel\\review-film\\vendor\\laravel\\framework\\src\\Illuminate\\Pipeline\\Pipeline.php(183): Illuminate\\Http\\Middleware\\HandleCors->handle(Object(Illuminate\\Http\\Request), Object(Closure))
#64 C:\\Users\\LENOVO\\Documents\\Super Bootcamp Laravel Vue\\BE_Laravel\\review-film\\vendor\\laravel\\framework\\src\\Illuminate\\Http\\Middleware\\TrustProxies.php(39): Illuminate\\Pipeline\\Pipeline->Illuminate\\Pipeline\\{closure}(Object(Illuminate\\Http\\Request))
#65 C:\\Users\\LENOVO\\Documents\\Super Bootcamp Laravel Vue\\BE_Laravel\\review-film\\vendor\\laravel\\framework\\src\\Illuminate\\Pipeline\\Pipeline.php(183): Illuminate\\Http\\Middleware\\TrustProxies->handle(Object(Illuminate\\Http\\Request), Object(Closure))
#66 C:\\Users\\LENOVO\\Documents\\Super Bootcamp Laravel Vue\\BE_Laravel\\review-film\\vendor\\laravel\\framework\\src\\Illuminate\\Http\\Middleware\\TrustHosts.php(48): Illuminate\\Pipeline\\Pipeline->Illuminate\\Pipeline\\{closure}(Object(Illuminate\\Http\\Request))
#67 C:\\Users\\LENOVO\\Documents\\Super Bootcamp Laravel Vue\\BE_Laravel\\review-film\\vendor\\laravel\\framework\\src\\Illuminate\\Pipeline\\Pipeline.php(183): Illuminate\\Http\\Middleware\\TrustHosts->handle(Object(Illuminate\\Http\\Request), Object(Closure))
#68 C:\\Users\\LENOVO\\Documents\\Super Bootcamp Laravel Vue\\BE_Laravel\\review-film\\vendor\\laravel\\framework\\src\\Illuminate\\Pipeline\\Pipeline.php(119): Illuminate\\Pipeline\\Pipeline->Illuminate\\Pipeline\\{closure}(Object(Illuminate\\Http\\Request))
#69 C:\\Users\\LENOVO\\Documents\\Super Bootcamp Laravel Vue\\BE_Laravel\\review-film\\vendor\\laravel\\framework\\src\\Illuminate\\Foundation\\Http\\Kernel.php(175): Illuminate\\Pipeline\\Pipeline->then(Object(Closure))
#70 C:\\Users\\LENOVO\\Documents\\Super Bootcamp Laravel Vue\\BE_Laravel\\review-film\\vendor\\laravel\\framework\\src\\Illuminate\\Foundation\\Http\\Kernel.php(144): Illuminate\\Foundation\\Http\\Kernel->sendRequestThroughRouter(Object(Illuminate\\Http\\Request))
#71 C:\\Users\\LENOVO\\Documents\\Super Bootcamp Laravel Vue\\BE_Laravel\\review-film\\public\\index.php(51): Illuminate\\Foundation\\Http\\Kernel->handle(Object(Illuminate\\Http\\Request))
#72 C:\\Users\\LENOVO\\Documents\\Super Bootcamp Laravel Vue\\BE_Laravel\\review-film\\vendor\\laravel\\framework\\src\\Illuminate\\Foundation\\resources\\server.php(16): require_once('C:\\\\Users\\\\LENOVO...')
#73 {main}
"} 
[2024-07-25 18:41:02] local.ERROR: Secret is not set. {"exception":"[object] (Tymon\\JWTAuth\\Exceptions\\JWTException(code: 0): Secret is not set. at C:\\Users\\LENOVO\\Documents\\Super Bootcamp Laravel Vue\\BE_Laravel\\review-film\\vendor\\tymon\\jwt-auth\\src\\Providers\\JWT\\Lcobucci.php:244)
[stacktrace]
#0 C:\\Users\\LENOVO\\Documents\\Super Bootcamp Laravel Vue\\BE_Laravel\\review-film\\vendor\\tymon\\jwt-auth\\src\\Providers\\JWT\\Lcobucci.php(186): Tymon\\JWTAuth\\Providers\\JWT\\Lcobucci->getSigningKey()
#1 C:\\Users\\LENOVO\\Documents\\Super Bootcamp Laravel Vue\\BE_Laravel\\review-film\\vendor\\tymon\\jwt-auth\\src\\Providers\\JWT\\Lcobucci.php(57): Tymon\\JWTAuth\\Providers\\JWT\\Lcobucci->buildConfig()
#2 C:\\Users\\LENOVO\\Documents\\Super Bootcamp Laravel Vue\\BE_Laravel\\review-film\\vendor\\tymon\\jwt-auth\\src\\Providers\\AbstractServiceProvider.php(167): Tymon\\JWTAuth\\Providers\\JWT\\Lcobucci->__construct(NULL, 'HS256', Array)
#3 C:\\Users\\LENOVO\\Documents\\Super Bootcamp Laravel Vue\\BE_Laravel\\review-film\\vendor\\laravel\\framework\\src\\Illuminate\\Container\\Container.php(908): Tymon\\JWTAuth\\Providers\\AbstractServiceProvider->Tymon\\JWTAuth\\Providers\\{closure}(Object(Illuminate\\Foundation\\Application), Array)
#4 C:\\Users\\LENOVO\\Documents\\Super Bootcamp Laravel Vue\\BE_Laravel\\review-film\\vendor\\laravel\\framework\\src\\Illuminate\\Container\\Container.php(795): Illuminate\\Container\\Container->build(Object(Closure))
#5 C:\\Users\\LENOVO\\Documents\\Super Bootcamp Laravel Vue\\BE_Laravel\\review-film\\vendor\\laravel\\framework\\src\\Illuminate\\Foundation\\Application.php(961): Illuminate\\Container\\Container->resolve('tymon.jwt.provi...', Array, true)
#6 C:\\Users\\LENOVO\\Documents\\Super Bootcamp Laravel Vue\\BE_Laravel\\review-film\\vendor\\laravel\\framework\\src\\Illuminate\\Container\\Container.php(731): Illuminate\\Foundation\\Application->resolve('tymon.jwt.provi...', Array)
#7 C:\\Users\\LENOVO\\Documents\\Super Bootcamp Laravel Vue\\BE_Laravel\\review-film\\vendor\\laravel\\framework\\src\\Illuminate\\Foundation\\Application.php(946): Illuminate\\Container\\Container->make('tymon.jwt.provi...', Array)
#8 C:\\Users\\LENOVO\\Documents\\Super Bootcamp Laravel Vue\\BE_Laravel\\review-film\\vendor\\tymon\\jwt-auth\\src\\Providers\\AbstractServiceProvider.php(367): Illuminate\\Foundation\\Application->make('tymon.jwt.provi...')
#9 C:\\Users\\LENOVO\\Documents\\Super Bootcamp Laravel Vue\\BE_Laravel\\review-film\\vendor\\tymon\\jwt-auth\\src\\Providers\\AbstractServiceProvider.php(138): Tymon\\JWTAuth\\Providers\\AbstractServiceProvider->getConfigInstance('providers.jwt')
#10 C:\\Users\\LENOVO\\Documents\\Super Bootcamp Laravel Vue\\BE_Laravel\\review-film\\vendor\\laravel\\framework\\src\\Illuminate\\Container\\Container.php(908): Tymon\\JWTAuth\\Providers\\AbstractServiceProvider->Tymon\\JWTAuth\\Providers\\{closure}(Object(Illuminate\\Foundation\\Application), Array)
#11 C:\\Users\\LENOVO\\Documents\\Super Bootcamp Laravel Vue\\BE_Laravel\\review-film\\vendor\\laravel\\framework\\src\\Illuminate\\Container\\Container.php(795): Illuminate\\Container\\Container->build(Object(Closure))
#12 C:\\Users\\LENOVO\\Documents\\Super Bootcamp Laravel Vue\\BE_Laravel\\review-film\\vendor\\laravel\\framework\\src\\Illuminate\\Foundation\\Application.php(961): Illuminate\\Container\\Container->resolve('tymon.jwt.provi...', Array, true)
#13 C:\\Users\\LENOVO\\Documents\\Super Bootcamp Laravel Vue\\BE_Laravel\\review-film\\vendor\\laravel\\framework\\src\\Illuminate\\Container\\Container.php(731): Illuminate\\Foundation\\Application->resolve('tymon.jwt.provi...', Array)
#14 C:\\Users\\LENOVO\\Documents\\Super Bootcamp Laravel Vue\\BE_Laravel\\review-film\\vendor\\laravel\\framework\\src\\Illuminate\\Foundation\\Application.php(946): Illuminate\\Container\\Container->make('tymon.jwt.provi...', Array)
#15 C:\\Users\\LENOVO\\Documents\\Super Bootcamp Laravel Vue\\BE_Laravel\\review-film\\vendor\\laravel\\framework\\src\\Illuminate\\Container\\Container.php(1454): Illuminate\\Foundation\\Application->make('tymon.jwt.provi...')
#16 C:\\Users\\LENOVO\\Documents\\Super Bootcamp Laravel Vue\\BE_Laravel\\review-film\\vendor\\tymon\\jwt-auth\\src\\Providers\\AbstractServiceProvider.php(208): Illuminate\\Container\\Container->offsetGet('tymon.jwt.provi...')
#17 C:\\Users\\LENOVO\\Documents\\Super Bootcamp Laravel Vue\\BE_Laravel\\review-film\\vendor\\laravel\\framework\\src\\Illuminate\\Container\\Container.php(908): Tymon\\JWTAuth\\Providers\\AbstractServiceProvider->Tymon\\JWTAuth\\Providers\\{closure}(Object(Illuminate\\Foundation\\Application), Array)
#18 C:\\Users\\LENOVO\\Documents\\Super Bootcamp Laravel Vue\\BE_Laravel\\review-film\\vendor\\laravel\\framework\\src\\Illuminate\\Container\\Container.php(795): Illuminate\\Container\\Container->build(Object(Closure))
#19 C:\\Users\\LENOVO\\Documents\\Super Bootcamp Laravel Vue\\BE_Laravel\\review-film\\vendor\\laravel\\framework\\src\\Illuminate\\Foundation\\Application.php(961): Illuminate\\Container\\Container->resolve('tymon.jwt.manag...', Array, true)
#20 C:\\Users\\LENOVO\\Documents\\Super Bootcamp Laravel Vue\\BE_Laravel\\review-film\\vendor\\laravel\\framework\\src\\Illuminate\\Container\\Container.php(731): Illuminate\\Foundation\\Application->resolve('tymon.jwt.manag...', Array)
#21 C:\\Users\\LENOVO\\Documents\\Super Bootcamp Laravel Vue\\BE_Laravel\\review-film\\vendor\\laravel\\framework\\src\\Illuminate\\Foundation\\Application.php(946): Illuminate\\Container\\Container->make('tymon.jwt.manag...', Array)
#22 C:\\Users\\LENOVO\\Documents\\Super Bootcamp Laravel Vue\\BE_Laravel\\review-film\\vendor\\laravel\\framework\\src\\Illuminate\\Container\\Container.php(1454): Illuminate\\Foundation\\Application->make('tymon.jwt.manag...')
#23 C:\\Users\\LENOVO\\Documents\\Super Bootcamp Laravel Vue\\BE_Laravel\\review-film\\vendor\\tymon\\jwt-auth\\src\\Providers\\AbstractServiceProvider.php(250): Illuminate\\Container\\Container->offsetGet('tymon.jwt.manag...')
#24 C:\\Users\\LENOVO\\Documents\\Super Bootcamp Laravel Vue\\BE_Laravel\\review-film\\vendor\\laravel\\framework\\src\\Illuminate\\Container\\Container.php(908): Tymon\\JWTAuth\\Providers\\AbstractServiceProvider->Tymon\\JWTAuth\\Providers\\{closure}(Object(Illuminate\\Foundation\\Application), Array)
#25 C:\\Users\\LENOVO\\Documents\\Super Bootcamp Laravel Vue\\BE_Laravel\\review-film\\vendor\\laravel\\framework\\src\\Illuminate\\Container\\Container.php(795): Illuminate\\Container\\Container->build(Object(Closure))
#26 C:\\Users\\LENOVO\\Documents\\Super Bootcamp Laravel Vue\\BE_Laravel\\review-film\\vendor\\laravel\\framework\\src\\Illuminate\\Foundation\\Application.php(961): Illuminate\\Container\\Container->resolve('tymon.jwt', Array, true)
#27 C:\\Users\\LENOVO\\Documents\\Super Bootcamp Laravel Vue\\BE_Laravel\\review-film\\vendor\\laravel\\framework\\src\\Illuminate\\Container\\Container.php(731): Illuminate\\Foundation\\Application->resolve('tymon.jwt', Array)
#28 C:\\Users\\LENOVO\\Documents\\Super Bootcamp Laravel Vue\\BE_Laravel\\review-film\\vendor\\laravel\\framework\\src\\Illuminate\\Foundation\\Application.php(946): Illuminate\\Container\\Container->make('tymon.jwt', Array)
#29 C:\\Users\\LENOVO\\Documents\\Super Bootcamp Laravel Vue\\BE_Laravel\\review-film\\vendor\\laravel\\framework\\src\\Illuminate\\Container\\Container.php(1454): Illuminate\\Foundation\\Application->make('tymon.jwt')
#30 C:\\Users\\LENOVO\\Documents\\Super Bootcamp Laravel Vue\\BE_Laravel\\review-film\\vendor\\tymon\\jwt-auth\\src\\Providers\\AbstractServiceProvider.php(96): Illuminate\\Container\\Container->offsetGet('tymon.jwt')
#31 C:\\Users\\LENOVO\\Documents\\Super Bootcamp Laravel Vue\\BE_Laravel\\review-film\\vendor\\laravel\\framework\\src\\Illuminate\\Auth\\AuthManager.php(113): Tymon\\JWTAuth\\Providers\\AbstractServiceProvider->Tymon\\JWTAuth\\Providers\\{closure}(Object(Illuminate\\Foundation\\Application), 'api', Array)
#32 C:\\Users\\LENOVO\\Documents\\Super Bootcamp Laravel Vue\\BE_Laravel\\review-film\\vendor\\laravel\\framework\\src\\Illuminate\\Auth\\AuthManager.php(90): Illuminate\\Auth\\AuthManager->callCustomCreator('api', Array)
#33 C:\\Users\\LENOVO\\Documents\\Super Bootcamp Laravel Vue\\BE_Laravel\\review-film\\vendor\\laravel\\framework\\src\\Illuminate\\Auth\\AuthManager.php(70): Illuminate\\Auth\\AuthManager->resolve('api')
#34 C:\\Users\\LENOVO\\Documents\\Super Bootcamp Laravel Vue\\BE_Laravel\\review-film\\vendor\\laravel\\framework\\src\\Illuminate\\Auth\\AuthManager.php(57): Illuminate\\Auth\\AuthManager->guard('api')
#35 [internal function]: Illuminate\\Auth\\AuthManager->Illuminate\\Auth\\{closure}(NULL)
#36 C:\\Users\\LENOVO\\Documents\\Super Bootcamp Laravel Vue\\BE_Laravel\\review-film\\vendor\\laravel\\framework\\src\\Illuminate\\Auth\\AuthServiceProvider.php(89): call_user_func(Object(Closure), NULL)
#37 [internal function]: Illuminate\\Auth\\AuthServiceProvider->Illuminate\\Auth\\{closure}(NULL)
#38 C:\\Users\\LENOVO\\Documents\\Super Bootcamp Laravel Vue\\BE_Laravel\\review-film\\vendor\\laravel\\framework\\src\\Illuminate\\Http\\Request.php(607): call_user_func(Object(Closure), NULL)
#39 C:\\Users\\LENOVO\\Documents\\Super Bootcamp Laravel Vue\\BE_Laravel\\review-film\\app\\Providers\\RouteServiceProvider.php(28): Illuminate\\Http\\Request->user()
#40 C:\\Users\\LENOVO\\Documents\\Super Bootcamp Laravel Vue\\BE_Laravel\\review-film\\vendor\\laravel\\framework\\src\\Illuminate\\Routing\\Middleware\\ThrottleRequests.php(117): App\\Providers\\RouteServiceProvider->App\\Providers\\{closure}(Object(Illuminate\\Http\\Request))
#41 C:\\Users\\LENOVO\\Documents\\Super Bootcamp Laravel Vue\\BE_Laravel\\review-film\\vendor\\laravel\\framework\\src\\Illuminate\\Routing\\Middleware\\ThrottleRequests.php(87): Illuminate\\Routing\\Middleware\\ThrottleRequests->handleRequestUsingNamedLimiter(Object(Illuminate\\Http\\Request), Object(Closure), 'api', Object(Closure))
#42 C:\\Users\\LENOVO\\Documents\\Super Bootcamp Laravel Vue\\BE_Laravel\\review-film\\vendor\\laravel\\framework\\src\\Illuminate\\Pipeline\\Pipeline.php(183): Illuminate\\Routing\\Middleware\\ThrottleRequests->handle(Object(Illuminate\\Http\\Request), Object(Closure), 'api')
#43 C:\\Users\\LENOVO\\Documents\\Super Bootcamp Laravel Vue\\BE_Laravel\\review-film\\vendor\\laravel\\framework\\src\\Illuminate\\Pipeline\\Pipeline.php(119): Illuminate\\Pipeline\\Pipeline->Illuminate\\Pipeline\\{closure}(Object(Illuminate\\Http\\Request))
#44 C:\\Users\\LENOVO\\Documents\\Super Bootcamp Laravel Vue\\BE_Laravel\\review-film\\vendor\\laravel\\framework\\src\\Illuminate\\Routing\\Router.php(805): Illuminate\\Pipeline\\Pipeline->then(Object(Closure))
#45 C:\\Users\\LENOVO\\Documents\\Super Bootcamp Laravel Vue\\BE_Laravel\\review-film\\vendor\\laravel\\framework\\src\\Illuminate\\Routing\\Router.php(784): Illuminate\\Routing\\Router->runRouteWithinStack(Object(Illuminate\\Routing\\Route), Object(Illuminate\\Http\\Request))
#46 C:\\Users\\LENOVO\\Documents\\Super Bootcamp Laravel Vue\\BE_Laravel\\review-film\\vendor\\laravel\\framework\\src\\Illuminate\\Routing\\Router.php(748): Illuminate\\Routing\\Router->runRoute(Object(Illuminate\\Http\\Request), Object(Illuminate\\Routing\\Route))
#47 C:\\Users\\LENOVO\\Documents\\Super Bootcamp Laravel Vue\\BE_Laravel\\review-film\\vendor\\laravel\\framework\\src\\Illuminate\\Routing\\Router.php(737): Illuminate\\Routing\\Router->dispatchToRoute(Object(Illuminate\\Http\\Request))
#48 C:\\Users\\LENOVO\\Documents\\Super Bootcamp Laravel Vue\\BE_Laravel\\review-film\\vendor\\laravel\\framework\\src\\Illuminate\\Foundation\\Http\\Kernel.php(200): Illuminate\\Routing\\Router->dispatch(Object(Illuminate\\Http\\Request))
#49 C:\\Users\\LENOVO\\Documents\\Super Bootcamp Laravel Vue\\BE_Laravel\\review-film\\vendor\\laravel\\framework\\src\\Illuminate\\Pipeline\\Pipeline.php(144): Illuminate\\Foundation\\Http\\Kernel->Illuminate\\Foundation\\Http\\{closure}(Object(Illuminate\\Http\\Request))
#50 C:\\Users\\LENOVO\\Documents\\Super Bootcamp Laravel Vue\\BE_Laravel\\review-film\\vendor\\laravel\\framework\\src\\Illuminate\\Foundation\\Http\\Middleware\\TransformsRequest.php(21): Illuminate\\Pipeline\\Pipeline->Illuminate\\Pipeline\\{closure}(Object(Illuminate\\Http\\Request))
#51 C:\\Users\\LENOVO\\Documents\\Super Bootcamp Laravel Vue\\BE_Laravel\\review-film\\vendor\\laravel\\framework\\src\\Illuminate\\Foundation\\Http\\Middleware\\ConvertEmptyStringsToNull.php(31): Illuminate\\Foundation\\Http\\Middleware\\TransformsRequest->handle(Object(Illuminate\\Http\\Request), Object(Closure))
#52 C:\\Users\\LENOVO\\Documents\\Super Bootcamp Laravel Vue\\BE_Laravel\\review-film\\vendor\\laravel\\framework\\src\\Illuminate\\Pipeline\\Pipeline.php(183): Illuminate\\Foundation\\Http\\Middleware\\ConvertEmptyStringsToNull->handle(Object(Illuminate\\Http\\Request), Object(Closure))
#53 C:\\Users\\LENOVO\\Documents\\Super Bootcamp Laravel Vue\\BE_Laravel\\review-film\\vendor\\laravel\\framework\\src\\Illuminate\\Foundation\\Http\\Middleware\\TransformsRequest.php(21): Illuminate\\Pipeline\\Pipeline->Illuminate\\Pipeline\\{closure}(Object(Illuminate\\Http\\Request))
#54 C:\\Users\\LENOVO\\Documents\\Super Bootcamp Laravel Vue\\BE_Laravel\\review-film\\vendor\\laravel\\framework\\src\\Illuminate\\Foundation\\Http\\Middleware\\TrimStrings.php(40): Illuminate\\Foundation\\Http\\Middleware\\TransformsRequest->handle(Object(Illuminate\\Http\\Request), Object(Closure))
#55 C:\\Users\\LENOVO\\Documents\\Super Bootcamp Laravel Vue\\BE_Laravel\\review-film\\vendor\\laravel\\framework\\src\\Illuminate\\Pipeline\\Pipeline.php(183): Illuminate\\Foundation\\Http\\Middleware\\TrimStrings->handle(Object(Illuminate\\Http\\Request), Object(Closure))
#56 C:\\Users\\LENOVO\\Documents\\Super Bootcamp Laravel Vue\\BE_Laravel\\review-film\\vendor\\laravel\\framework\\src\\Illuminate\\Foundation\\Http\\Middleware\\ValidatePostSize.php(27): Illuminate\\Pipeline\\Pipeline->Illuminate\\Pipeline\\{closure}(Object(Illuminate\\Http\\Request))
#57 C:\\Users\\LENOVO\\Documents\\Super Bootcamp Laravel Vue\\BE_Laravel\\review-film\\vendor\\laravel\\framework\\src\\Illuminate\\Pipeline\\Pipeline.php(183): Illuminate\\Foundation\\Http\\Middleware\\ValidatePostSize->handle(Object(Illuminate\\Http\\Request), Object(Closure))
#58 C:\\Users\\LENOVO\\Documents\\Super Bootcamp Laravel Vue\\BE_Laravel\\review-film\\vendor\\laravel\\framework\\src\\Illuminate\\Foundation\\Http\\Middleware\\PreventRequestsDuringMaintenance.php(99): Illuminate\\Pipeline\\Pipeline->Illuminate\\Pipeline\\{closure}(Object(Illuminate\\Http\\Request))
#59 C:\\Users\\LENOVO\\Documents\\Super Bootcamp Laravel Vue\\BE_Laravel\\review-film\\vendor\\laravel\\framework\\src\\Illuminate\\Pipeline\\Pipeline.php(183): Illuminate\\Foundation\\Http\\Middleware\\PreventRequestsDuringMaintenance->handle(Object(Illuminate\\Http\\Request), Object(Closure))
#60 C:\\Users\\LENOVO\\Documents\\Super Bootcamp Laravel Vue\\BE_Laravel\\review-film\\vendor\\laravel\\framework\\src\\Illuminate\\Http\\Middleware\\HandleCors.php(62): Illuminate\\Pipeline\\Pipeline->Illuminate\\Pipeline\\{closure}(Object(Illuminate\\Http\\Request))
#61 C:\\Users\\LENOVO\\Documents\\Super Bootcamp Laravel Vue\\BE_Laravel\\review-film\\vendor\\laravel\\framework\\src\\Illuminate\\Pipeline\\Pipeline.php(183): Illuminate\\Http\\Middleware\\HandleCors->handle(Object(Illuminate\\Http\\Request), Object(Closure))
#62 C:\\Users\\LENOVO\\Documents\\Super Bootcamp Laravel Vue\\BE_Laravel\\review-film\\vendor\\laravel\\framework\\src\\Illuminate\\Http\\Middleware\\TrustProxies.php(39): Illuminate\\Pipeline\\Pipeline->Illuminate\\Pipeline\\{closure}(Object(Illuminate\\Http\\Request))
#63 C:\\Users\\LENOVO\\Documents\\Super Bootcamp Laravel Vue\\BE_Laravel\\review-film\\vendor\\laravel\\framework\\src\\Illuminate\\Pipeline\\Pipeline.php(183): Illuminate\\Http\\Middleware\\TrustProxies->handle(Object(Illuminate\\Http\\Request), Object(Closure))
#64 C:\\Users\\LENOVO\\Documents\\Super Bootcamp Laravel Vue\\BE_Laravel\\review-film\\vendor\\laravel\\framework\\src\\Illuminate\\Http\\Middleware\\TrustHosts.php(48): Illuminate\\Pipeline\\Pipeline->Illuminate\\Pipeline\\{closure}(Object(Illuminate\\Http\\Request))
#65 C:\\Users\\LENOVO\\Documents\\Super Bootcamp Laravel Vue\\BE_Laravel\\review-film\\vendor\\laravel\\framework\\src\\Illuminate\\Pipeline\\Pipeline.php(183): Illuminate\\Http\\Middleware\\TrustHosts->handle(Object(Illuminate\\Http\\Request), Object(Closure))
#66 C:\\Users\\LENOVO\\Documents\\Super Bootcamp Laravel Vue\\BE_Laravel\\review-film\\vendor\\laravel\\framework\\src\\Illuminate\\Pipeline\\Pipeline.php(119): Illuminate\\Pipeline\\Pipeline->Illuminate\\Pipeline\\{closure}(Object(Illuminate\\Http\\Request))
#67 C:\\Users\\LENOVO\\Documents\\Super Bootcamp Laravel Vue\\BE_Laravel\\review-film\\vendor\\laravel\\framework\\src\\Illuminate\\Foundation\\Http\\Kernel.php(175): Illuminate\\Pipeline\\Pipeline->then(Object(Closure))
#68 C:\\Users\\LENOVO\\Documents\\Super Bootcamp Laravel Vue\\BE_Laravel\\review-film\\vendor\\laravel\\framework\\src\\Illuminate\\Foundation\\Http\\Kernel.php(144): Illuminate\\Foundation\\Http\\Kernel->sendRequestThroughRouter(Object(Illuminate\\Http\\Request))
#69 C:\\Users\\LENOVO\\Documents\\Super Bootcamp Laravel Vue\\BE_Laravel\\review-film\\public\\index.php(51): Illuminate\\Foundation\\Http\\Kernel->handle(Object(Illuminate\\Http\\Request))
#70 C:\\Users\\LENOVO\\Documents\\Super Bootcamp Laravel Vue\\BE_Laravel\\review-film\\vendor\\laravel\\framework\\src\\Illuminate\\Foundation\\resources\\server.php(16): require_once('C:\\\\Users\\\\LENOVO...')
#71 {main}
"} 
[2024-07-25 18:41:39] local.ERROR: Connection could not be established with host "mailpit:1025": stream_socket_client(): php_network_getaddresses: getaddrinfo for mailpit failed: No such host is known.  {"exception":"[object] (Symfony\\Component\\Mailer\\Exception\\TransportException(code: 0): Connection could not be established with host \"mailpit:1025\": stream_socket_client(): php_network_getaddresses: getaddrinfo for mailpit failed: No such host is known.  at C:\\Users\\LENOVO\\Documents\\Super Bootcamp Laravel Vue\\BE_Laravel\\review-film\\vendor\\symfony\\mailer\\Transport\\Smtp\\Stream\\SocketStream.php:154)
[stacktrace]
#0 [internal function]: Symfony\\Component\\Mailer\\Transport\\Smtp\\Stream\\SocketStream->Symfony\\Component\\Mailer\\Transport\\Smtp\\Stream\\{closure}(2, 'stream_socket_c...', 'C:\\\\Users\\\\LENOVO...', 157)
#1 C:\\Users\\LENOVO\\Documents\\Super Bootcamp Laravel Vue\\BE_Laravel\\review-film\\vendor\\symfony\\mailer\\Transport\\Smtp\\Stream\\SocketStream.php(157): stream_socket_client('mailpit:1025', 0, '', 60.0, 4, Resource id #842)
#2 C:\\Users\\LENOVO\\Documents\\Super Bootcamp Laravel Vue\\BE_Laravel\\review-film\\vendor\\symfony\\mailer\\Transport\\Smtp\\SmtpTransport.php(275): Symfony\\Component\\Mailer\\Transport\\Smtp\\Stream\\SocketStream->initialize()
#3 C:\\Users\\LENOVO\\Documents\\Super Bootcamp Laravel Vue\\BE_Laravel\\review-film\\vendor\\symfony\\mailer\\Transport\\Smtp\\SmtpTransport.php(209): Symfony\\Component\\Mailer\\Transport\\Smtp\\SmtpTransport->start()
#4 C:\\Users\\LENOVO\\Documents\\Super Bootcamp Laravel Vue\\BE_Laravel\\review-film\\vendor\\symfony\\mailer\\Transport\\AbstractTransport.php(69): Symfony\\Component\\Mailer\\Transport\\Smtp\\SmtpTransport->doSend(Object(Symfony\\Component\\Mailer\\SentMessage))
#5 C:\\Users\\LENOVO\\Documents\\Super Bootcamp Laravel Vue\\BE_Laravel\\review-film\\vendor\\symfony\\mailer\\Transport\\Smtp\\SmtpTransport.php(137): Symfony\\Component\\Mailer\\Transport\\AbstractTransport->send(Object(Symfony\\Component\\Mime\\Email), Object(Symfony\\Component\\Mailer\\DelayedEnvelope))
#6 C:\\Users\\LENOVO\\Documents\\Super Bootcamp Laravel Vue\\BE_Laravel\\review-film\\vendor\\laravel\\framework\\src\\Illuminate\\Mail\\Mailer.php(573): Symfony\\Component\\Mailer\\Transport\\Smtp\\SmtpTransport->send(Object(Symfony\\Component\\Mime\\Email), Object(Symfony\\Component\\Mailer\\DelayedEnvelope))
#7 C:\\Users\\LENOVO\\Documents\\Super Bootcamp Laravel Vue\\BE_Laravel\\review-film\\vendor\\laravel\\framework\\src\\Illuminate\\Mail\\Mailer.php(335): Illuminate\\Mail\\Mailer->sendSymfonyMessage(Object(Symfony\\Component\\Mime\\Email))
#8 C:\\Users\\LENOVO\\Documents\\Super Bootcamp Laravel Vue\\BE_Laravel\\review-film\\vendor\\laravel\\framework\\src\\Illuminate\\Mail\\Mailable.php(205): Illuminate\\Mail\\Mailer->send('mail.registerma...', Array, Object(Closure))
#9 C:\\Users\\LENOVO\\Documents\\Super Bootcamp Laravel Vue\\BE_Laravel\\review-film\\vendor\\laravel\\framework\\src\\Illuminate\\Support\\Traits\\Localizable.php(19): Illuminate\\Mail\\Mailable->Illuminate\\Mail\\{closure}()
#10 C:\\Users\\LENOVO\\Documents\\Super Bootcamp Laravel Vue\\BE_Laravel\\review-film\\vendor\\laravel\\framework\\src\\Illuminate\\Mail\\Mailable.php(198): Illuminate\\Mail\\Mailable->withLocale(NULL, Object(Closure))
#11 C:\\Users\\LENOVO\\Documents\\Super Bootcamp Laravel Vue\\BE_Laravel\\review-film\\vendor\\laravel\\framework\\src\\Illuminate\\Mail\\SendQueuedMailable.php(83): Illuminate\\Mail\\Mailable->send(Object(Illuminate\\Mail\\MailManager))
#12 C:\\Users\\LENOVO\\Documents\\Super Bootcamp Laravel Vue\\BE_Laravel\\review-film\\vendor\\laravel\\framework\\src\\Illuminate\\Container\\BoundMethod.php(36): Illuminate\\Mail\\SendQueuedMailable->handle(Object(Illuminate\\Mail\\MailManager))
#13 C:\\Users\\LENOVO\\Documents\\Super Bootcamp Laravel Vue\\BE_Laravel\\review-film\\vendor\\laravel\\framework\\src\\Illuminate\\Container\\Util.php(41): Illuminate\\Container\\BoundMethod::Illuminate\\Container\\{closure}()
#14 C:\\Users\\LENOVO\\Documents\\Super Bootcamp Laravel Vue\\BE_Laravel\\review-film\\vendor\\laravel\\framework\\src\\Illuminate\\Container\\BoundMethod.php(93): Illuminate\\Container\\Util::unwrapIfClosure(Object(Closure))
#15 C:\\Users\\LENOVO\\Documents\\Super Bootcamp Laravel Vue\\BE_Laravel\\review-film\\vendor\\laravel\\framework\\src\\Illuminate\\Container\\BoundMethod.php(35): Illuminate\\Container\\BoundMethod::callBoundMethod(Object(Illuminate\\Foundation\\Application), Array, Object(Closure))
#16 C:\\Users\\LENOVO\\Documents\\Super Bootcamp Laravel Vue\\BE_Laravel\\review-film\\vendor\\laravel\\framework\\src\\Illuminate\\Container\\Container.php(662): Illuminate\\Container\\BoundMethod::call(Object(Illuminate\\Foundation\\Application), Array, Array, NULL)
#17 C:\\Users\\LENOVO\\Documents\\Super Bootcamp Laravel Vue\\BE_Laravel\\review-film\\vendor\\laravel\\framework\\src\\Illuminate\\Bus\\Dispatcher.php(128): Illuminate\\Container\\Container->call(Array)
#18 C:\\Users\\LENOVO\\Documents\\Super Bootcamp Laravel Vue\\BE_Laravel\\review-film\\vendor\\laravel\\framework\\src\\Illuminate\\Pipeline\\Pipeline.php(144): Illuminate\\Bus\\Dispatcher->Illuminate\\Bus\\{closure}(Object(Illuminate\\Mail\\SendQueuedMailable))
#19 C:\\Users\\LENOVO\\Documents\\Super Bootcamp Laravel Vue\\BE_Laravel\\review-film\\vendor\\laravel\\framework\\src\\Illuminate\\Pipeline\\Pipeline.php(119): Illuminate\\Pipeline\\Pipeline->Illuminate\\Pipeline\\{closure}(Object(Illuminate\\Mail\\SendQueuedMailable))
#20 C:\\Users\\LENOVO\\Documents\\Super Bootcamp Laravel Vue\\BE_Laravel\\review-film\\vendor\\laravel\\framework\\src\\Illuminate\\Bus\\Dispatcher.php(132): Illuminate\\Pipeline\\Pipeline->then(Object(Closure))
#21 C:\\Users\\LENOVO\\Documents\\Super Bootcamp Laravel Vue\\BE_Laravel\\review-film\\vendor\\laravel\\framework\\src\\Illuminate\\Queue\\CallQueuedHandler.php(123): Illuminate\\Bus\\Dispatcher->dispatchNow(Object(Illuminate\\Mail\\SendQueuedMailable), false)
#22 C:\\Users\\LENOVO\\Documents\\Super Bootcamp Laravel Vue\\BE_Laravel\\review-film\\vendor\\laravel\\framework\\src\\Illuminate\\Pipeline\\Pipeline.php(144): Illuminate\\Queue\\CallQueuedHandler->Illuminate\\Queue\\{closure}(Object(Illuminate\\Mail\\SendQueuedMailable))
#23 C:\\Users\\LENOVO\\Documents\\Super Bootcamp Laravel Vue\\BE_Laravel\\review-film\\vendor\\laravel\\framework\\src\\Illuminate\\Pipeline\\Pipeline.php(119): Illuminate\\Pipeline\\Pipeline->Illuminate\\Pipeline\\{closure}(Object(Illuminate\\Mail\\SendQueuedMailable))
#24 C:\\Users\\LENOVO\\Documents\\Super Bootcamp Laravel Vue\\BE_Laravel\\review-film\\vendor\\laravel\\framework\\src\\Illuminate\\Queue\\CallQueuedHandler.php(122): Illuminate\\Pipeline\\Pipeline->then(Object(Closure))
#25 C:\\Users\\LENOVO\\Documents\\Super Bootcamp Laravel Vue\\BE_Laravel\\review-film\\vendor\\laravel\\framework\\src\\Illuminate\\Queue\\CallQueuedHandler.php(70): Illuminate\\Queue\\CallQueuedHandler->dispatchThroughMiddleware(Object(Illuminate\\Queue\\Jobs\\SyncJob), Object(Illuminate\\Mail\\SendQueuedMailable))
#26 C:\\Users\\LENOVO\\Documents\\Super Bootcamp Laravel Vue\\BE_Laravel\\review-film\\vendor\\laravel\\framework\\src\\Illuminate\\Queue\\Jobs\\Job.php(102): Illuminate\\Queue\\CallQueuedHandler->call(Object(Illuminate\\Queue\\Jobs\\SyncJob), Array)
#27 C:\\Users\\LENOVO\\Documents\\Super Bootcamp Laravel Vue\\BE_Laravel\\review-film\\vendor\\laravel\\framework\\src\\Illuminate\\Queue\\SyncQueue.php(43): Illuminate\\Queue\\Jobs\\Job->fire()
#28 C:\\Users\\LENOVO\\Documents\\Super Bootcamp Laravel Vue\\BE_Laravel\\review-film\\vendor\\laravel\\framework\\src\\Illuminate\\Queue\\Queue.php(59): Illuminate\\Queue\\SyncQueue->push(Object(Illuminate\\Mail\\SendQueuedMailable), '', NULL)
#29 C:\\Users\\LENOVO\\Documents\\Super Bootcamp Laravel Vue\\BE_Laravel\\review-film\\vendor\\laravel\\framework\\src\\Illuminate\\Mail\\Mailable.php(233): Illuminate\\Queue\\Queue->pushOn(NULL, Object(Illuminate\\Mail\\SendQueuedMailable))
#30 C:\\Users\\LENOVO\\Documents\\Super Bootcamp Laravel Vue\\BE_Laravel\\review-film\\vendor\\laravel\\framework\\src\\Illuminate\\Mail\\Mailer.php(471): Illuminate\\Mail\\Mailable->queue(Object(Illuminate\\Queue\\QueueManager))
#31 C:\\Users\\LENOVO\\Documents\\Super Bootcamp Laravel Vue\\BE_Laravel\\review-film\\vendor\\laravel\\framework\\src\\Illuminate\\Mail\\PendingMail.php(135): Illuminate\\Mail\\Mailer->queue(Object(App\\Mail\\RegisterMail))
#32 C:\\Users\\LENOVO\\Documents\\Super Bootcamp Laravel Vue\\BE_Laravel\\review-film\\app\\Http\\Controllers\\API\\AuthController.php(53): Illuminate\\Mail\\PendingMail->queue(Object(App\\Mail\\RegisterMail))
#33 C:\\Users\\LENOVO\\Documents\\Super Bootcamp Laravel Vue\\BE_Laravel\\review-film\\vendor\\laravel\\framework\\src\\Illuminate\\Routing\\Controller.php(54): App\\Http\\Controllers\\API\\AuthController->register(Object(Illuminate\\Http\\Request))
#34 C:\\Users\\LENOVO\\Documents\\Super Bootcamp Laravel Vue\\BE_Laravel\\review-film\\vendor\\laravel\\framework\\src\\Illuminate\\Routing\\ControllerDispatcher.php(43): Illuminate\\Routing\\Controller->callAction('register', Array)
#35 C:\\Users\\LENOVO\\Documents\\Super Bootcamp Laravel Vue\\BE_Laravel\\review-film\\vendor\\laravel\\framework\\src\\Illuminate\\Routing\\Route.php(259): Illuminate\\Routing\\ControllerDispatcher->dispatch(Object(Illuminate\\Routing\\Route), Object(App\\Http\\Controllers\\API\\AuthController), 'register')
#36 C:\\Users\\LENOVO\\Documents\\Super Bootcamp Laravel Vue\\BE_Laravel\\review-film\\vendor\\laravel\\framework\\src\\Illuminate\\Routing\\Route.php(205): Illuminate\\Routing\\Route->runController()
#37 C:\\Users\\LENOVO\\Documents\\Super Bootcamp Laravel Vue\\BE_Laravel\\review-film\\vendor\\laravel\\framework\\src\\Illuminate\\Routing\\Router.php(806): Illuminate\\Routing\\Route->run()
#38 C:\\Users\\LENOVO\\Documents\\Super Bootcamp Laravel Vue\\BE_Laravel\\review-film\\vendor\\laravel\\framework\\src\\Illuminate\\Pipeline\\Pipeline.php(144): Illuminate\\Routing\\Router->Illuminate\\Routing\\{closure}(Object(Illuminate\\Http\\Request))
#39 C:\\Users\\LENOVO\\Documents\\Super Bootcamp Laravel Vue\\BE_Laravel\\review-film\\vendor\\laravel\\framework\\src\\Illuminate\\Routing\\Middleware\\SubstituteBindings.php(50): Illuminate\\Pipeline\\Pipeline->Illuminate\\Pipeline\\{closure}(Object(Illuminate\\Http\\Request))
#40 C:\\Users\\LENOVO\\Documents\\Super Bootcamp Laravel Vue\\BE_Laravel\\review-film\\vendor\\laravel\\framework\\src\\Illuminate\\Pipeline\\Pipeline.php(183): Illuminate\\Routing\\Middleware\\SubstituteBindings->handle(Object(Illuminate\\Http\\Request), Object(Closure))
#41 C:\\Users\\LENOVO\\Documents\\Super Bootcamp Laravel Vue\\BE_Laravel\\review-film\\vendor\\laravel\\framework\\src\\Illuminate\\Routing\\Middleware\\ThrottleRequests.php(159): Illuminate\\Pipeline\\Pipeline->Illuminate\\Pipeline\\{closure}(Object(Illuminate\\Http\\Request))
#42 C:\\Users\\LENOVO\\Documents\\Super Bootcamp Laravel Vue\\BE_Laravel\\review-film\\vendor\\laravel\\framework\\src\\Illuminate\\Routing\\Middleware\\ThrottleRequests.php(125): Illuminate\\Routing\\Middleware\\ThrottleRequests->handleRequest(Object(Illuminate\\Http\\Request), Object(Closure), Array)
#43 C:\\Users\\LENOVO\\Documents\\Super Bootcamp Laravel Vue\\BE_Laravel\\review-film\\vendor\\laravel\\framework\\src\\Illuminate\\Routing\\Middleware\\ThrottleRequests.php(87): Illuminate\\Routing\\Middleware\\ThrottleRequests->handleRequestUsingNamedLimiter(Object(Illuminate\\Http\\Request), Object(Closure), 'api', Object(Closure))
#44 C:\\Users\\LENOVO\\Documents\\Super Bootcamp Laravel Vue\\BE_Laravel\\review-film\\vendor\\laravel\\framework\\src\\Illuminate\\Pipeline\\Pipeline.php(183): Illuminate\\Routing\\Middleware\\ThrottleRequests->handle(Object(Illuminate\\Http\\Request), Object(Closure), 'api')
#45 C:\\Users\\LENOVO\\Documents\\Super Bootcamp Laravel Vue\\BE_Laravel\\review-film\\vendor\\laravel\\framework\\src\\Illuminate\\Pipeline\\Pipeline.php(119): Illuminate\\Pipeline\\Pipeline->Illuminate\\Pipeline\\{closure}(Object(Illuminate\\Http\\Request))
#46 C:\\Users\\LENOVO\\Documents\\Super Bootcamp Laravel Vue\\BE_Laravel\\review-film\\vendor\\laravel\\framework\\src\\Illuminate\\Routing\\Router.php(805): Illuminate\\Pipeline\\Pipeline->then(Object(Closure))
#47 C:\\Users\\LENOVO\\Documents\\Super Bootcamp Laravel Vue\\BE_Laravel\\review-film\\vendor\\laravel\\framework\\src\\Illuminate\\Routing\\Router.php(784): Illuminate\\Routing\\Router->runRouteWithinStack(Object(Illuminate\\Routing\\Route), Object(Illuminate\\Http\\Request))
#48 C:\\Users\\LENOVO\\Documents\\Super Bootcamp Laravel Vue\\BE_Laravel\\review-film\\vendor\\laravel\\framework\\src\\Illuminate\\Routing\\Router.php(748): Illuminate\\Routing\\Router->runRoute(Object(Illuminate\\Http\\Request), Object(Illuminate\\Routing\\Route))
#49 C:\\Users\\LENOVO\\Documents\\Super Bootcamp Laravel Vue\\BE_Laravel\\review-film\\vendor\\laravel\\framework\\src\\Illuminate\\Routing\\Router.php(737): Illuminate\\Routing\\Router->dispatchToRoute(Object(Illuminate\\Http\\Request))
#50 C:\\Users\\LENOVO\\Documents\\Super Bootcamp Laravel Vue\\BE_Laravel\\review-film\\vendor\\laravel\\framework\\src\\Illuminate\\Foundation\\Http\\Kernel.php(200): Illuminate\\Routing\\Router->dispatch(Object(Illuminate\\Http\\Request))
#51 C:\\Users\\LENOVO\\Documents\\Super Bootcamp Laravel Vue\\BE_Laravel\\review-film\\vendor\\laravel\\framework\\src\\Illuminate\\Pipeline\\Pipeline.php(144): Illuminate\\Foundation\\Http\\Kernel->Illuminate\\Foundation\\Http\\{closure}(Object(Illuminate\\Http\\Request))
#52 C:\\Users\\LENOVO\\Documents\\Super Bootcamp Laravel Vue\\BE_Laravel\\review-film\\vendor\\laravel\\framework\\src\\Illuminate\\Foundation\\Http\\Middleware\\TransformsRequest.php(21): Illuminate\\Pipeline\\Pipeline->Illuminate\\Pipeline\\{closure}(Object(Illuminate\\Http\\Request))
#53 C:\\Users\\LENOVO\\Documents\\Super Bootcamp Laravel Vue\\BE_Laravel\\review-film\\vendor\\laravel\\framework\\src\\Illuminate\\Foundation\\Http\\Middleware\\ConvertEmptyStringsToNull.php(31): Illuminate\\Foundation\\Http\\Middleware\\TransformsRequest->handle(Object(Illuminate\\Http\\Request), Object(Closure))
#54 C:\\Users\\LENOVO\\Documents\\Super Bootcamp Laravel Vue\\BE_Laravel\\review-film\\vendor\\laravel\\framework\\src\\Illuminate\\Pipeline\\Pipeline.php(183): Illuminate\\Foundation\\Http\\Middleware\\ConvertEmptyStringsToNull->handle(Object(Illuminate\\Http\\Request), Object(Closure))
#55 C:\\Users\\LENOVO\\Documents\\Super Bootcamp Laravel Vue\\BE_Laravel\\review-film\\vendor\\laravel\\framework\\src\\Illuminate\\Foundation\\Http\\Middleware\\TransformsRequest.php(21): Illuminate\\Pipeline\\Pipeline->Illuminate\\Pipeline\\{closure}(Object(Illuminate\\Http\\Request))
#56 C:\\Users\\LENOVO\\Documents\\Super Bootcamp Laravel Vue\\BE_Laravel\\review-film\\vendor\\laravel\\framework\\src\\Illuminate\\Foundation\\Http\\Middleware\\TrimStrings.php(40): Illuminate\\Foundation\\Http\\Middleware\\TransformsRequest->handle(Object(Illuminate\\Http\\Request), Object(Closure))
#57 C:\\Users\\LENOVO\\Documents\\Super Bootcamp Laravel Vue\\BE_Laravel\\review-film\\vendor\\laravel\\framework\\src\\Illuminate\\Pipeline\\Pipeline.php(183): Illuminate\\Foundation\\Http\\Middleware\\TrimStrings->handle(Object(Illuminate\\Http\\Request), Object(Closure))
#58 C:\\Users\\LENOVO\\Documents\\Super Bootcamp Laravel Vue\\BE_Laravel\\review-film\\vendor\\laravel\\framework\\src\\Illuminate\\Foundation\\Http\\Middleware\\ValidatePostSize.php(27): Illuminate\\Pipeline\\Pipeline->Illuminate\\Pipeline\\{closure}(Object(Illuminate\\Http\\Request))
#59 C:\\Users\\LENOVO\\Documents\\Super Bootcamp Laravel Vue\\BE_Laravel\\review-film\\vendor\\laravel\\framework\\src\\Illuminate\\Pipeline\\Pipeline.php(183): Illuminate\\Foundation\\Http\\Middleware\\ValidatePostSize->handle(Object(Illuminate\\Http\\Request), Object(Closure))
#60 C:\\Users\\LENOVO\\Documents\\Super Bootcamp Laravel Vue\\BE_Laravel\\review-film\\vendor\\laravel\\framework\\src\\Illuminate\\Foundation\\Http\\Middleware\\PreventRequestsDuringMaintenance.php(99): Illuminate\\Pipeline\\Pipeline->Illuminate\\Pipeline\\{closure}(Object(Illuminate\\Http\\Request))
#61 C:\\Users\\LENOVO\\Documents\\Super Bootcamp Laravel Vue\\BE_Laravel\\review-film\\vendor\\laravel\\framework\\src\\Illuminate\\Pipeline\\Pipeline.php(183): Illuminate\\Foundation\\Http\\Middleware\\PreventRequestsDuringMaintenance->handle(Object(Illuminate\\Http\\Request), Object(Closure))
#62 C:\\Users\\LENOVO\\Documents\\Super Bootcamp Laravel Vue\\BE_Laravel\\review-film\\vendor\\laravel\\framework\\src\\Illuminate\\Http\\Middleware\\HandleCors.php(62): Illuminate\\Pipeline\\Pipeline->Illuminate\\Pipeline\\{closure}(Object(Illuminate\\Http\\Request))
#63 C:\\Users\\LENOVO\\Documents\\Super Bootcamp Laravel Vue\\BE_Laravel\\review-film\\vendor\\laravel\\framework\\src\\Illuminate\\Pipeline\\Pipeline.php(183): Illuminate\\Http\\Middleware\\HandleCors->handle(Object(Illuminate\\Http\\Request), Object(Closure))
#64 C:\\Users\\LENOVO\\Documents\\Super Bootcamp Laravel Vue\\BE_Laravel\\review-film\\vendor\\laravel\\framework\\src\\Illuminate\\Http\\Middleware\\TrustProxies.php(39): Illuminate\\Pipeline\\Pipeline->Illuminate\\Pipeline\\{closure}(Object(Illuminate\\Http\\Request))
#65 C:\\Users\\LENOVO\\Documents\\Super Bootcamp Laravel Vue\\BE_Laravel\\review-film\\vendor\\laravel\\framework\\src\\Illuminate\\Pipeline\\Pipeline.php(183): Illuminate\\Http\\Middleware\\TrustProxies->handle(Object(Illuminate\\Http\\Request), Object(Closure))
#66 C:\\Users\\LENOVO\\Documents\\Super Bootcamp Laravel Vue\\BE_Laravel\\review-film\\vendor\\laravel\\framework\\src\\Illuminate\\Http\\Middleware\\TrustHosts.php(48): Illuminate\\Pipeline\\Pipeline->Illuminate\\Pipeline\\{closure}(Object(Illuminate\\Http\\Request))
#67 C:\\Users\\LENOVO\\Documents\\Super Bootcamp Laravel Vue\\BE_Laravel\\review-film\\vendor\\laravel\\framework\\src\\Illuminate\\Pipeline\\Pipeline.php(183): Illuminate\\Http\\Middleware\\TrustHosts->handle(Object(Illuminate\\Http\\Request), Object(Closure))
#68 C:\\Users\\LENOVO\\Documents\\Super Bootcamp Laravel Vue\\BE_Laravel\\review-film\\vendor\\laravel\\framework\\src\\Illuminate\\Pipeline\\Pipeline.php(119): Illuminate\\Pipeline\\Pipeline->Illuminate\\Pipeline\\{closure}(Object(Illuminate\\Http\\Request))
#69 C:\\Users\\LENOVO\\Documents\\Super Bootcamp Laravel Vue\\BE_Laravel\\review-film\\vendor\\laravel\\framework\\src\\Illuminate\\Foundation\\Http\\Kernel.php(175): Illuminate\\Pipeline\\Pipeline->then(Object(Closure))
#70 C:\\Users\\LENOVO\\Documents\\Super Bootcamp Laravel Vue\\BE_Laravel\\review-film\\vendor\\laravel\\framework\\src\\Illuminate\\Foundation\\Http\\Kernel.php(144): Illuminate\\Foundation\\Http\\Kernel->sendRequestThroughRouter(Object(Illuminate\\Http\\Request))
#71 C:\\Users\\LENOVO\\Documents\\Super Bootcamp Laravel Vue\\BE_Laravel\\review-film\\public\\index.php(51): Illuminate\\Foundation\\Http\\Kernel->handle(Object(Illuminate\\Http\\Request))
#72 C:\\Users\\LENOVO\\Documents\\Super Bootcamp Laravel Vue\\BE_Laravel\\review-film\\vendor\\laravel\\framework\\src\\Illuminate\\Foundation\\resources\\server.php(16): require_once('C:\\\\Users\\\\LENOVO...')
#73 {main}
"} 
